\BOOKMARK [0][-]{Doc-Start}{\376\377\000A\000B\000S\000T\000R\000A\000C\000T}{}% 1
\BOOKMARK [0][-]{Doc-Start}{\376\377\016\032\016\027\016\004\016\061\016\024\016\042\016\110\016\055}{}% 2
\BOOKMARK [0][-]{Doc-Start}{\376\377\016\001\016\064\016\025\016\025\016\064\016\001\016\043\016\043\016\041\016\033\016\043\016\060\016\001\016\062\016\050}{}% 3
\BOOKMARK [0][-]{Doc-Start}{\376\377\016\052\016\062\016\043\016\032\016\061\016\015}{}% 4
\BOOKMARK [0][-]{Doc-Start}{\376\377\016\052\016\062\016\043\016\032\016\061\016\015\016\025\016\062\016\043\016\062\016\007}{}% 5
\BOOKMARK [0][-]{Doc-Start}{\376\377\016\052\016\062\016\043\016\032\016\061\016\015\016\043\016\071\016\033\016\040\016\062\016\036}{}% 6
\BOOKMARK [0][-]{chapter.1}{\376\377\016\032\016\027\016\027\016\065\016\110\000\040\016\032\016\027\016\031\016\063}{}% 7
\BOOKMARK [1][-]{section.1.1}{\376\377\016\027\016\065\016\110\016\041\016\062\016\101\016\045\016\060\016\004\016\047\016\062\016\041\016\052\016\063\016\004\016\061\016\015}{chapter.1}% 8
\BOOKMARK [1][-]{section.1.2}{\376\377\016\047\016\061\016\025\016\026\016\070\016\033\016\043\016\060\016\052\016\007\016\004\016\114}{chapter.1}% 9
\BOOKMARK [1][-]{section.1.3}{\376\377\016\002\016\055\016\032\016\100\016\002\016\025\016\002\016\055\016\007\016\102\016\004\016\043\016\007\016\007\016\062\016\031}{chapter.1}% 10
\BOOKMARK [1][-]{section.1.4}{\376\377\016\033\016\043\016\060\016\102\016\042\016\012\016\031\016\114\016\027\016\065\016\110\016\004\016\062\016\024\016\047\016\110\016\062\016\010\016\060\016\104\016\024\016\111\016\043\016\061\016\032}{chapter.1}% 11
\BOOKMARK [1][-]{section.1.5}{\376\377\016\002\016\061\016\111\016\031\016\025\016\055\016\031\016\001\016\062\016\043\016\027\016\115\016\062\016\007\016\062\016\031\016\101\016\045\016\060\016\043\016\060\016\042\016\060\016\100\016\047\016\045\016\062\016\001\016\062\016\043\016\024\016\115\016\062\016\100\016\031\016\064\016\031\016\007\016\062\016\031}{chapter.1}% 12
\BOOKMARK [2][-]{subsection.1.5.1}{\376\377\016\002\016\061\016\111\016\031\016\025\016\055\016\031\016\001\016\062\016\043\016\027\016\115\016\062\016\007\016\062\016\031}{section.1.5}% 13
\BOOKMARK [2][-]{subsection.1.5.2}{\376\377\016\043\016\060\016\042\016\060\016\100\016\047\016\045\016\062\016\001\016\062\016\043\016\024\016\115\016\062\016\100\016\031\016\064\016\031\016\007\016\062\016\031}{section.1.5}% 14
\BOOKMARK [1][-]{section.1.6}{\376\377\016\034\016\045\016\001\016\062\016\043\016\024\016\115\016\062\016\100\016\031\016\064\016\031\016\007\016\062\016\031}{chapter.1}% 15
\BOOKMARK [2][-]{subsection.1.6.1}{\376\377\016\034\016\045\016\001\016\062\016\043\016\024\016\115\016\062\016\100\016\031\016\064\016\031\016\007\016\062\016\031\016\103\016\031\016\040\016\062\016\004\016\001\016\062\016\043\016\050\016\066\016\001\016\051\016\062\016\027\016\065\016\110\000\040\0001}{section.1.6}% 16
\BOOKMARK [2][-]{subsection.1.6.2}{\376\377\016\034\016\045\016\001\016\062\016\043\016\024\016\115\016\062\016\100\016\031\016\064\016\031\016\007\016\062\016\031\016\103\016\031\016\040\016\062\016\004\016\001\016\062\016\043\016\050\016\066\016\001\016\051\016\062\016\027\016\065\016\110\000\040\0002}{section.1.6}% 17
\BOOKMARK [0][-]{chapter.2}{\376\377\016\032\016\027\016\027\016\065\016\110\000\040\016\027\016\044\016\051\016\016\016\065\016\004\016\047\016\062\016\041\016\043\016\071\016\111\016\101\016\045\016\060\016\007\016\062\016\031\016\027\016\065\016\110\016\100\016\001\016\065\016\110\016\042\016\047\016\002\016\111\016\055\016\007}{}% 18
\BOOKMARK [1][-]{section.2.1}{\376\377\016\027\016\044\016\051\016\016\016\065\016\027\016\065\016\110\016\100\016\001\016\065\016\110\016\042\016\047\016\002\016\111\016\055\016\007}{chapter.2}% 19
\BOOKMARK [2][-]{subsection.2.1.1}{\376\377\000N\000a\000t\000u\000r\000a\000l\000\040\000L\000a\000n\000g\000u\000a\000g\000e\000\040\000P\000r\000o\000c\000e\000s\000s\000i\000n\000g\000\040\000\050\000N\000L\000P\000\051}{section.2.1}% 20
\BOOKMARK [2][-]{subsection.2.1.2}{\376\377\000W\000o\000r\000d\000\040\000E\000m\000b\000e\000d\000d\000i\000n\000g}{section.2.1}% 21
\BOOKMARK [2][-]{subsection.2.1.3}{\376\377\000T\000F\000-\000I\000D\000F}{section.2.1}% 22
\BOOKMARK [2][-]{subsection.2.1.4}{\376\377\000R\000a\000n\000d\000o\000m\000\040\000F\000o\000r\000e\000s\000t}{section.2.1}% 23
\BOOKMARK [2][-]{subsection.2.1.5}{\376\377\000K\000-\000N\000e\000a\000r\000e\000s\000t\000\040\000N\000e\000i\000g\000h\000b\000o\000r\000\040\000\050\000K\000N\000N\000\051}{section.2.1}% 24
\BOOKMARK [2][-]{subsection.2.1.6}{\376\377\000N\000e\000u\000r\000a\000l\000\040\000N\000e\000t\000w\000o\000r\000k\000\040\000\050\000N\000N\000\051}{section.2.1}% 25
\BOOKMARK [2][-]{subsection.2.1.7}{\376\377\000R\000E\000S\000T\000f\000u\000l\000\040\000A\000P\000I}{section.2.1}% 26
\BOOKMARK [2][-]{subsection.2.1.8}{\376\377\000A\000g\000i\000l\000e}{section.2.1}% 27
\BOOKMARK [1][-]{section.2.2}{\376\377\016\007\016\062\016\031\016\047\016\064\016\010\016\061\016\042\016\027\016\065\016\110\016\100\016\001\016\065\016\110\016\042\016\047\016\002\016\111\016\055\016\007}{chapter.2}% 28
\BOOKMARK [2][-]{subsection.2.2.1}{\376\377\000M\000a\000c\000h\000i\000n\000e\000\040\000l\000e\000a\000r\000n\000i\000n\000g\000\040\000a\000p\000p\000r\000o\000a\000c\000h\000\040\000t\000o\000\040\000a\000u\000t\000o\000-\000t\000a\000g\000g\000i\000n\000g\000\040\000o\000n\000l\000i\000n\000e\000\040\000c\000o\000n\000t\000e\000n\000t\000\040\000f\000o\000r\000\040\000c\000o\000n\000t\000e\000n\000t\000\040\000m\000a\000r\000k\000e\000t\000i\000n\000g\000\040\000e\000f\000f\000i\000c\000i\000e\000n\000c\000y\000:\000\040\000A\000\040\000c\000o\000m\000p\000a\000r\000a\000t\000i\000v\000e\000\040\000a\000n\000a\000l\000y\000s\000i\000s\000\040\000b\000e\000t\000w\000e\000e\000n\000\040\000m\000e\000t\000h\000o\000d\000s\000\040\000a\000n\000d\000\040\000c\000o\000n\000t\000e\000n\000t\000\040\000t\000y\000p\000e}{section.2.2}% 29
\BOOKMARK [1][-]{section.2.3}{\376\377\016\034\016\045\016\064\016\025\016\040\016\061\016\023\016\021\016\114\016\027\016\065\016\110\016\100\016\001\016\065\016\110\016\042\016\047\016\002\016\111\016\055\016\007}{chapter.2}% 30
\BOOKMARK [2][-]{subsection.2.3.1}{\376\377\000A\000m\000a\000z\000o\000n\000\040\000C\000o\000m\000p\000r\000e\000h\000e\000n\000d}{section.2.3}% 31
\BOOKMARK [1][-]{section.2.4}{\376\377\016\100\016\027\016\004\016\031\016\064\016\004\016\101\016\045\016\060\016\100\016\027\016\004\016\102\016\031\016\102\016\045\016\042\016\065\016\027\016\065\016\110\016\103\016\012\016\111}{chapter.2}% 32
\BOOKMARK [2][-]{subsection.2.4.1}{\376\377\000D\000e\000v\000e\000l\000o\000p\000m\000e\000n\000t\000\040\000T\000o\000o\000l\000s}{section.2.4}% 33
\BOOKMARK [2][-]{subsection.2.4.2}{\376\377\000D\000a\000t\000a\000b\000a\000s\000e\000\040\000T\000o\000o\000l\000s}{section.2.4}% 34
\BOOKMARK [2][-]{subsection.2.4.3}{\376\377\000D\000e\000v\000O\000p\000s\000\040\000T\000o\000o\000l}{section.2.4}% 35
\BOOKMARK [2][-]{subsection.2.4.4}{\376\377\000D\000a\000t\000a\000\040\000P\000i\000p\000e\000l\000i\000n\000e}{section.2.4}% 36
\BOOKMARK [2][-]{subsection.2.4.5}{\376\377\000L\000i\000b\000r\000a\000r\000y\000\040\000T\000o\000o\000l\000s}{section.2.4}% 37
\BOOKMARK [2][-]{subsection.2.4.6}{\376\377\000I\000n\000f\000r\000a\000s\000t\000r\000u\000c\000t\000u\000r\000e\000\040\000T\000o\000o\000l\000s}{section.2.4}% 38
\BOOKMARK [2][-]{subsection.2.4.7}{\376\377\000P\000r\000o\000j\000e\000c\000t\000\040\000M\000a\000n\000a\000g\000e\000m\000e\000n\000t}{section.2.4}% 39
\BOOKMARK [0][-]{chapter.3}{\376\377\016\032\016\027\016\027\016\065\016\110\000\040\016\047\016\064\016\030\016\065\016\001\016\062\016\043\016\024\016\063\016\100\016\031\016\064\016\031\016\007\016\062\016\031}{}% 40
\BOOKMARK [1][-]{section.3.1}{\376\377\016\002\016\111\016\055\016\001\016\063\016\053\016\031\016\024\016\101\016\045\016\060\016\004\016\047\016\062\016\041\016\025\016\111\016\055\016\007\016\001\016\062\016\043\016\002\016\055\016\007\016\043\016\060\016\032\016\032}{chapter.3}% 41
\BOOKMARK [1][-]{section.3.2}{\376\377\016\052\016\026\016\062\016\033\016\061\016\025\016\042\016\001\016\043\016\043\016\041\016\043\016\060\016\032\016\032}{chapter.3}% 42
\BOOKMARK [2][-]{subsection.3.2.1}{\376\377\000S\000y\000s\000t\000e\000m\000\040\000O\000v\000e\000r\000v\000i\000e\000w}{section.3.2}% 43
\BOOKMARK [2][-]{subsection.3.2.2}{\376\377\000C\000o\000n\000t\000e\000n\000t\000-\000T\000a\000g\000g\000i\000n\000g}{section.3.2}% 44
\BOOKMARK [2][-]{subsection.3.2.3}{\376\377\000C\000o\000n\000t\000e\000n\000t\000-\000P\000r\000e\000p\000a\000r\000i\000n\000g}{section.3.2}% 45
\BOOKMARK [2][-]{subsection.3.2.4}{\376\377\000G\000e\000n\000e\000r\000a\000l\000-\000B\000a\000c\000k\000e\000n\000d}{section.3.2}% 46
\BOOKMARK [2][-]{subsection.3.2.5}{\376\377\000N\000a\000v\000i\000g\000a\000t\000i\000o\000n\000\040\000M\000a\000p}{section.3.2}% 47
\BOOKMARK [2][-]{subsection.3.2.6}{\376\377\000D\000a\000t\000a\000\040\000S\000c\000i\000e\000n\000c\000e\000\040\000P\000r\000o\000c\000e\000s\000s\000i\000n\000g}{section.3.2}% 48
\BOOKMARK [1][-]{section.3.3}{\376\377\000U\000s\000e\000\040\000C\000a\000s\000e\000\040\000A\000n\000a\000l\000y\000s\000i\000s}{chapter.3}% 49
\BOOKMARK [2][-]{subsection.3.3.1}{\376\377\000U\000s\000e\000\040\000C\000a\000s\000e\000\040\000D\000i\000a\000g\000r\000a\000m}{section.3.3}% 50
\BOOKMARK [2][-]{subsection.3.3.2}{\376\377\000U\000s\000e\000\040\000C\000a\000s\000e\000\040\000N\000a\000r\000r\000a\000t\000i\000v\000e}{section.3.3}% 51
\BOOKMARK [3][-]{subsubsection.3.3.2.1}{\376\377\016\034\016\071\016\111\016\103\016\012\016\111\016\007\016\062\016\031\016\052\016\041\016\061\016\004\016\043\016\052\016\041\016\062\016\012\016\064\016\001}{subsection.3.3.2}% 52
\BOOKMARK [3][-]{subsubsection.3.3.2.2}{\376\377\016\034\016\071\016\111\016\103\016\012\016\111\016\007\016\062\016\031\016\100\016\002\016\111\016\062\016\052\016\071\016\110\016\043\016\060\016\032\016\032}{subsection.3.3.2}% 53
\BOOKMARK [3][-]{subsubsection.3.3.2.3}{\376\377\016\025\016\043\016\047\016\010\016\052\016\055\016\032\016\002\016\111\016\055\016\041\016\071\016\045\016\102\016\033\016\043\016\104\016\037\016\045\016\114\016\002\016\055\016\007\016\025\016\031\016\100\016\055\016\007}{subsection.3.3.2}% 54
\BOOKMARK [3][-]{subsubsection.3.3.2.4}{\376\377\016\052\016\043\016\111\016\062\016\007\016\004\016\063\016\043\016\111\016\055\016\007\016\002\016\055\016\047\016\064\016\100\016\004\016\043\016\062\016\060\016\053\016\114\016\053\016\041\016\047\016\024\016\053\016\041\016\071\016\110\016\002\016\055\016\007\016\100\016\031\016\067\016\111\016\055\016\053\016\062\016\024\016\111\016\047\016\042\000\040\000W\000e\000b\000\040\000L\000i\000n\000k}{subsection.3.3.2}% 55
\BOOKMARK [3][-]{subsubsection.3.3.2.5}{\376\377\016\052\016\043\016\111\016\062\016\007\016\004\016\063\016\043\016\111\016\055\016\007\016\002\016\055\016\047\016\064\016\100\016\004\016\043\016\062\016\060\016\053\016\114\016\053\016\041\016\047\016\024\016\053\016\041\016\071\016\110\016\002\016\055\016\007\016\100\016\031\016\067\016\111\016\055\016\053\016\062\016\024\016\111\016\047\016\042\016\032\016\027\016\004\016\047\016\062\016\041}{subsection.3.3.2}% 56
\BOOKMARK [3][-]{subsubsection.3.3.2.6}{\376\377\016\052\016\043\016\111\016\062\016\007\016\004\016\063\016\043\016\111\016\055\016\007\016\002\016\055\016\047\016\064\016\100\016\004\016\043\016\062\016\060\016\053\016\114\016\053\016\041\016\047\016\024\016\053\016\041\016\071\016\110\016\002\016\055\016\007\016\100\016\031\016\067\016\111\016\055\016\053\016\062\016\024\016\111\016\047\016\042\000\040\000W\000e\000b\000\040\000L\000i\000n\000k\000\040\016\034\016\110\016\062\016\031\000\040\000A\000p\000i\000-\000K\000e\000y}{subsection.3.3.2}% 57
\BOOKMARK [3][-]{subsubsection.3.3.2.7}{\376\377\016\052\016\043\016\111\016\062\016\007\016\004\016\063\016\043\016\111\016\055\016\007\016\002\016\055\016\047\016\064\016\100\016\004\016\043\016\062\016\060\016\053\016\114\016\053\016\041\016\047\016\024\016\053\016\041\016\071\016\110\016\002\016\055\016\007\016\100\016\031\016\067\016\111\016\055\016\053\016\062\016\024\016\111\016\047\016\042\016\032\016\027\016\004\016\047\016\062\016\041\016\034\016\110\016\062\016\031\000\040\000A\000p\000i\000-\000K\000e\000y}{subsection.3.3.2}% 58
\BOOKMARK [3][-]{subsubsection.3.3.2.8}{\376\377\016\024\016\071\016\004\016\063\016\043\016\111\016\055\016\007\016\002\016\055\016\001\016\062\016\043\016\047\016\064\016\100\016\004\016\043\016\062\016\060\016\053\016\114\016\053\016\041\016\071\016\110\016\002\016\055\016\007\016\032\016\027\016\004\016\047\016\062\016\041\016\002\016\055\016\007\016\025\016\031\016\100\016\055\016\007}{subsection.3.3.2}% 59
\BOOKMARK [3][-]{subsubsection.3.3.2.9}{\376\377\016\004\016\111\016\031\016\053\016\062\016\032\016\027\016\004\016\047\016\062\016\041\016\102\016\024\016\042\016\103\016\012\016\111\016\025\016\061\016\047\016\001\016\043\016\055\016\007\016\025\016\110\016\062\016\007\000\040\016\106}{subsection.3.3.2}% 60
\BOOKMARK [3][-]{subsubsection.3.3.2.10}{\376\377\016\004\016\111\016\031\016\053\016\062\016\032\016\027\016\004\016\047\016\062\016\041\016\102\016\024\016\042\016\103\016\012\016\111\016\100\016\045\016\002\016\055\016\111\016\062\016\007\016\055\016\064\016\007\016\100\016\031\016\067\016\111\016\055\016\053\016\062}{subsection.3.3.2}% 61
\BOOKMARK [1][-]{section.3.4}{\376\377\016\102\016\004\016\043\016\007\016\052\016\043\016\111\016\062\016\007\016\020\016\062\016\031\016\002\016\111\016\055\016\041\016\071\016\045}{chapter.3}% 62
\BOOKMARK [1][-]{section.3.5}{\376\377\000U\000s\000e\000r\000\040\000I\000n\000t\000e\000r\000f\000a\000c\000e\000\040\000D\000e\000s\000i\000g\000n}{chapter.3}% 63
\BOOKMARK [2][-]{subsection.3.5.1}{\376\377\000U\000s\000e\000r\000\040\000I\000n\000t\000e\000r\000f\000a\000c\000e\000\040\000D\000e\000s\000i\000g\000n\000\040\000R\000u\000l\000e}{section.3.5}% 64
\BOOKMARK [2][-]{subsection.3.5.2}{\376\377\000S\000c\000r\000e\000e\000n\000\040\000I\000m\000a\000g\000e\000s\000\040\000a\000n\000d\000\040\000D\000e\000s\000c\000r\000i\000p\000t\000i\000o\000n}{section.3.5}% 65
\BOOKMARK [3][-]{subsubsection.3.5.2.1}{\376\377\016\053\016\031\016\111\016\062\000\040\000L\000a\000n\000d\000i\000n\000g}{subsection.3.5.2}% 66
\BOOKMARK [3][-]{subsubsection.3.5.2.2}{\376\377\016\053\016\031\016\111\016\062\000\040\000L\000o\000g\000i\000n}{subsection.3.5.2}% 67
\BOOKMARK [3][-]{subsubsection.3.5.2.3}{\376\377\016\053\016\031\016\111\016\062\000\040\000R\000e\000g\000i\000s\000t\000e\000r}{subsection.3.5.2}% 68
\BOOKMARK [3][-]{subsubsection.3.5.2.4}{\376\377\016\053\016\031\016\111\016\062\000\040\000H\000o\000m\000e}{subsection.3.5.2}% 69
\BOOKMARK [3][-]{subsubsection.3.5.2.5}{\376\377\016\053\016\031\016\111\016\062\000\040\000A\000n\000a\000l\000y\000t\000i\000c}{subsection.3.5.2}% 70
\BOOKMARK [3][-]{subsubsection.3.5.2.6}{\376\377\016\053\016\031\016\111\016\062\000\040\000M\000y\000\040\000T\000i\000c\000k\000e\000t}{subsection.3.5.2}% 71
\BOOKMARK [3][-]{subsubsection.3.5.2.7}{\376\377\016\053\016\031\016\111\016\062\016\101\016\052\016\024\016\007\016\034\016\045\016\001\016\062\016\043\016\047\016\064\016\100\016\004\016\043\016\062\016\060\016\053\016\114\016\053\016\041\016\047\016\024\016\053\016\041\016\071\016\110\016\002\016\055\016\007\016\032\016\027\016\004\016\047\016\062\016\041}{subsection.3.5.2}% 72
\BOOKMARK [1][-]{section.3.6}{\376\377\000C\000l\000a\000s\000s\000\040\000D\000i\000a\000g\000r\000a\000m}{chapter.3}% 73
\BOOKMARK [1][-]{section.3.7}{\376\377\016\001\016\062\016\043\016\055\016\055\016\001\016\101\016\032\016\032\016\001\016\062\016\043\016\027\016\024\016\045\016\055\016\007}{chapter.3}% 74
\BOOKMARK [2][-]{subsection.3.7.1}{\376\377\000P\000r\000o\000d\000u\000c\000t\000i\000o\000n\000\040\000D\000e\000p\000l\000o\000y\000m\000e\000n\000t}{section.3.7}% 75
\BOOKMARK [2][-]{subsection.3.7.2}{\376\377\000U\000s\000e\000r\000\040\000E\000v\000a\000l\000u\000a\000t\000i\000o\000n}{section.3.7}% 76
\BOOKMARK [2][-]{subsection.3.7.3}{\376\377\000A\000p\000p\000l\000i\000c\000a\000t\000i\000o\000n\000\040\000E\000v\000a\000l\000u\000a\000t\000i\000o\000n}{section.3.7}% 77
\BOOKMARK [2][-]{subsection.3.7.4}{\376\377\000A\000r\000t\000i\000f\000i\000c\000i\000a\000l\000\040\000I\000n\000t\000e\000l\000l\000i\000g\000e\000n\000c\000e\000\040\000E\000v\000a\000l\000u\000a\000t\000i\000o\000n}{section.3.7}% 78
\BOOKMARK [0][-]{chapter.4}{\376\377\016\032\016\027\016\027\016\065\016\110\000\040\016\034\016\045\016\001\016\062\016\043\016\024\016\063\016\100\016\031\016\064\016\031\016\007\016\062\016\031}{}% 79
\BOOKMARK [1][-]{section.4.1}{\376\377\016\001\016\062\016\043\016\100\016\001\016\107\016\032\016\002\016\111\016\055\016\041\016\071\016\045}{chapter.4}% 80
\BOOKMARK [1][-]{section.4.2}{\376\377\016\001\016\062\016\043\016\055\016\055\016\001\016\101\016\032\016\032\016\102\016\041\016\100\016\024\016\045\016\052\016\063\016\053\016\043\016\061\016\032\016\047\016\064\016\100\016\004\016\043\016\062\016\060\016\053\016\114\016\053\016\041\016\047\016\024\016\053\016\041\016\071\016\110\016\002\016\055\016\007\016\100\016\031\016\067\016\111\016\055\016\053\016\062\016\103\016\031\016\032\016\027\016\004\016\047\016\062\016\041\016\025\016\110\016\062\016\007\000\040\016\106}{chapter.4}% 81
\BOOKMARK [2][-]{subsection.4.2.1}{\376\377\016\001\016\062\016\043\016\100\016\025\016\043\016\065\016\042\016\041\016\002\016\111\016\055\016\041\016\071\016\045\016\052\016\063\016\053\016\043\016\061\016\032\016\001\016\062\016\043\016\036\016\061\016\022\016\031\016\062\016\102\016\041\016\100\016\024\016\045}{section.4.2}% 82
\BOOKMARK [2][-]{subsection.4.2.2}{\376\377\000E\000x\000p\000l\000o\000r\000a\000t\000o\000r\000y\000\040\000D\000a\000t\000a\000\040\000A\000n\000a\000l\000y\000s\000i\000s}{section.4.2}% 83
\BOOKMARK [3][-]{subsubsection.4.2.2.1}{\376\377\016\012\016\070\016\024\016\002\016\111\016\055\016\041\016\071\016\045\016\027\016\065\016\110\016\041\016\065\016\100\016\031\016\067\016\111\016\055\016\053\016\062\016\100\016\033\016\107\016\031\016\040\016\062\016\051\016\062\016\104\016\027\016\042}{subsection.4.2.2}% 84
\BOOKMARK [3][-]{subsubsection.4.2.2.2}{\376\377\016\012\016\070\016\024\016\002\016\111\016\055\016\041\016\071\016\045\016\027\016\065\016\110\016\041\016\065\016\100\016\031\016\067\016\111\016\055\016\053\016\062\016\100\016\033\016\107\016\031\016\040\016\062\016\051\016\062\016\055\016\061\016\007\016\001\016\044\016\051}{subsection.4.2.2}% 85
\BOOKMARK [2][-]{subsection.4.2.3}{\376\377\016\001\016\062\016\043\016\027\016\063\000\040\000T\000e\000x\000t\000\040\000R\000e\000p\000r\000e\000s\000e\000n\000t\000a\000t\000i\000o\000n\000\040\016\024\016\111\016\047\016\042\000\040\000T\000F\000-\000I\000D\000F}{section.4.2}% 86
\BOOKMARK [2][-]{subsection.4.2.4}{\376\377\016\001\016\062\016\043\016\100\016\045\016\067\016\055\016\001\000\040\000M\000o\000d\000e\000l\000\040\016\043\016\060\016\053\016\047\016\110\016\062\016\007\000\040\000R\000a\000n\000d\000o\000m\000\040\000F\000o\000r\000e\000s\000t\000\040\000K\000N\000N\000\040\016\101\016\045\016\060\000\040\000N\000N}{section.4.2}% 87
\BOOKMARK [2][-]{subsection.4.2.5}{\376\377\016\001\016\062\016\043\016\027\016\024\016\052\016\055\016\032\016\102\016\041\016\100\016\024\016\045}{section.4.2}% 88
\BOOKMARK [1][-]{section.4.3}{\376\377\000A\000p\000p\000l\000i\000c\000a\000t\000i\000o\000n}{chapter.4}% 89
\BOOKMARK [2][-]{subsection.4.3.1}{\376\377\000U\000s\000e\000r\000\040\000I\000n\000t\000e\000r\000f\000a\000c\000e\000\040\000D\000e\000s\000i\000g\000n}{section.4.3}% 90
\BOOKMARK [3][-]{subsubsection.4.3.1.1}{\376\377\016\053\016\031\016\111\016\062\016\101\016\043\016\001}{subsection.4.3.1}% 91
\BOOKMARK [3][-]{subsubsection.4.3.1.2}{\376\377\016\053\016\031\016\111\016\062\016\100\016\002\016\111\016\062\016\052\016\071\016\110\016\043\016\060\016\032\016\032}{subsection.4.3.1}% 92
\BOOKMARK [3][-]{subsubsection.4.3.1.3}{\376\377\016\053\016\031\016\111\016\062\016\053\016\045\016\061\016\001}{subsection.4.3.1}% 93
\BOOKMARK [3][-]{subsubsection.4.3.1.4}{\376\377\016\053\016\031\016\111\016\062\016\052\016\043\016\111\016\062\016\007\016\004\016\063\016\043\016\111\016\055\016\007\016\002\016\055\016\047\016\064\016\100\016\004\016\043\016\062\016\060\016\053\016\114\016\053\016\041\016\047\016\024\016\053\016\041\016\071\016\110\016\002\016\055\016\007\016\032\016\027\016\004\016\047\016\062\016\041\016\024\016\111\016\047\016\042\000\040\000W\000e\000b\000\040\000L\000i\000n\000k}{subsection.4.3.1}% 94
\BOOKMARK [3][-]{subsubsection.4.3.1.5}{\376\377\016\053\016\031\016\111\016\062\016\101\016\052\016\024\016\007\016\034\016\045\016\001\016\062\016\043\016\047\016\064\016\100\016\004\016\043\016\062\016\060\016\053\016\114\016\053\016\041\016\047\016\024\016\053\016\041\016\071\016\110\016\002\016\055\016\007\016\032\016\027\016\004\016\047\016\062\016\041}{subsection.4.3.1}% 95
\BOOKMARK [2][-]{subsection.4.3.2}{\376\377\016\043\016\062\016\042\016\001\016\062\016\043\000\040\000U\000n\000i\000t\000\040\000t\000e\000s\000t\000s\000\040\016\040\016\062\016\042\016\103\016\031\000\040\000G\000e\000n\000e\000r\000a\000l\000\040\000B\000a\000c\000k\000e\000n\000d}{section.4.3}% 96
\BOOKMARK [2][-]{subsection.4.3.3}{\376\377\016\001\016\062\016\043\016\027\016\024\016\052\016\055\016\032\016\043\016\060\016\032\016\032}{section.4.3}% 97
\BOOKMARK [1][-]{section.4.4}{\376\377\016\001\016\062\016\043\016\033\016\043\016\060\016\100\016\041\016\064\016\031\016\034\016\045\016\101\016\045\016\060\016\004\016\047\016\062\016\041\016\100\016\053\016\107\016\031\016\010\016\062\016\001\016\034\016\071\016\111\016\103\016\012\016\111\016\007\016\062\016\031}{chapter.4}% 98
\BOOKMARK [2][-]{subsection.4.4.1}{\376\377\016\034\016\045\016\052\016\063\016\043\016\047\016\010\016\010\016\062\016\001\016\001\016\062\016\043\016\025\016\055\016\032\016\101\016\032\016\032\016\052\016\055\016\032\016\026\016\062\016\041\016\002\016\055\016\007\016\034\016\071\016\111\016\103\016\012\016\111\016\007\016\062\016\031}{section.4.4}% 99
\BOOKMARK [2][-]{subsection.4.4.2}{\376\377\016\052\016\043\016\070\016\033\016\034\016\045\016\001\016\062\016\043\016\052\016\063\016\043\016\047\016\010\016\010\016\062\016\001\016\101\016\032\016\032\016\052\016\055\016\032\016\026\016\062\016\041}{section.4.4}% 100
\BOOKMARK [0][-]{chapter.5}{\376\377\016\032\016\027\016\027\016\065\016\110\000\040\016\032\016\027\016\052\016\043\016\070\016\033\016\101\016\045\016\060\016\055\016\040\016\064\016\033\016\043\016\062\016\042}{}% 101
\BOOKMARK [1][-]{section.5.1}{\376\377\016\052\016\043\016\070\016\033\016\034\016\045\016\102\016\004\016\043\016\007\016\007\016\062\016\031}{chapter.5}% 102
\BOOKMARK [1][-]{section.5.2}{\376\377\016\033\016\061\016\015\016\053\016\062\016\027\016\065\016\110\016\036\016\032\016\101\016\045\016\060\016\001\016\062\016\043\016\101\016\001\016\111\016\104\016\002}{chapter.5}% 103
\BOOKMARK [1][-]{section.5.3}{\376\377\016\002\016\111\016\055\016\010\016\063\016\001\016\061\016\024\016\101\016\045\016\060\016\002\016\111\016\055\016\100\016\052\016\031\016\055\016\101\016\031\016\060}{chapter.5}% 104
\BOOKMARK [2][-]{subsection.5.3.1}{\376\377\016\002\016\111\016\055\016\010\016\063\016\001\016\061\016\024}{section.5.3}% 105
\BOOKMARK [2][-]{subsection.5.3.2}{\376\377\016\002\016\111\016\055\016\100\016\052\016\031\016\055\016\101\016\031\016\060\016\101\016\045\016\060\016\101\016\031\016\047\016\027\016\062\016\007\016\103\016\031\016\001\016\062\016\043\016\036\016\061\016\022\016\031\016\062}{section.5.3}% 106
\BOOKMARK [0][-]{subsection.5.3.2}{\376\377\016\053\016\031\016\061\016\007\016\052\016\067\016\055\016\055\016\111\016\062\016\007\016\055\016\064\016\007}{}% 107
\BOOKMARK [0][-]{subsection.5.3.2}{\376\377\000A\000p\000p\000e\000n\000d\000i\000x}{}% 108
\BOOKMARK [0][-]{subsection.5.3.2}{\376\377\000A\000\040\016\012\016\067\016\110\016\055\016\040\016\062\016\004\016\034\016\031\016\047\016\001\016\027\016\065\016\110\000\040\0001}{}% 109
