This is XeTeX, Version 3.141592653-2.6-0.999994 (MiKTeX 22.7) (preloaded format=xelatex 2022.11.14)  19 MAY 2023 03:24
entering extended mode
 restricted \write18 enabled.
 file:line:error style messages enabled.
 %&-line parsing enabled.
**c:/Users/CPE/Desktop/4_2/CPE402/report/undergrad-sample-thai.tex
(c:/Users/CPE/Desktop/4_2/CPE402/report/undergrad-sample-thai.tex
LaTeX2e <2022-06-01> patch level 5
L3 programming layer <2022-07-04> (cpe-thai-project.cls
Document Class: cpe-thai-project 2016/05/30 CPE,KMUTT latex class
(C:\Users\CPE\AppData\Local\Programs\MiKTeX\tex/latex/base\report.cls
Document Class: report 2021/10/04 v1.4n Standard LaTeX document class
(C:\Users\CPE\AppData\Local\Programs\MiKTeX\tex/latex/base\size10.clo
File: size10.clo 2021/10/04 v1.4n Standard LaTeX file (size option)
)
\c@part=\count181
\c@chapter=\count182
\c@section=\count183
\c@subsection=\count184
\c@subsubsection=\count185
\c@paragraph=\count186
\c@subparagraph=\count187
\c@figure=\count188
\c@table=\count189
\abovecaptionskip=\skip47
\belowcaptionskip=\skip48
\bibindent=\dimen138
)
Document Style `CPE thesis/report'.
(C:\Users\CPE\AppData\Local\Programs\MiKTeX\tex/latex/geometry\geometry.sty
Package: geometry 2020/01/02 v5.9 Page Geometry

(C:\Users\CPE\AppData\Local\Programs\MiKTeX\tex/latex/graphics\keyval.sty
Package: keyval 2022/05/29 v1.15 key=value parser (DPC)
\KV@toks@=\toks16
)
(C:\Users\CPE\AppData\Local\Programs\MiKTeX\tex/generic/iftex\ifvtex.sty
Package: ifvtex 2019/10/25 v1.7 ifvtex legacy package. Use iftex instead.

(C:\Users\CPE\AppData\Local\Programs\MiKTeX\tex/generic/iftex\iftex.sty
Package: iftex 2022/02/03 v1.0f TeX engine tests
))
\Gm@cnth=\count190
\Gm@cntv=\count191
\c@Gm@tempcnt=\count192
\Gm@bindingoffset=\dimen139
\Gm@wd@mp=\dimen140
\Gm@odd@mp=\dimen141
\Gm@even@mp=\dimen142
\Gm@layoutwidth=\dimen143
\Gm@layoutheight=\dimen144
\Gm@layouthoffset=\dimen145
\Gm@layoutvoffset=\dimen146
\Gm@dimlist=\toks17

(C:\Users\CPE\AppData\Local\Programs\MiKTeX\tex/latex/geometry\geometry.cfg))
(C:\Users\CPE\AppData\Local\Programs\MiKTeX\tex/latex/graphics\graphicx.sty
Package: graphicx 2021/09/16 v1.2d Enhanced LaTeX Graphics (DPC,SPQR)

(C:\Users\CPE\AppData\Local\Programs\MiKTeX\tex/latex/graphics\graphics.sty
Package: graphics 2022/03/10 v1.4e Standard LaTeX Graphics (DPC,SPQR)

(C:\Users\CPE\AppData\Local\Programs\MiKTeX\tex/latex/graphics\trig.sty
Package: trig 2021/08/11 v1.11 sin cos tan (DPC)
)
(C:\Users\CPE\AppData\Local\Programs\MiKTeX\tex/latex/graphics-cfg\graphics.cfg
File: graphics.cfg 2016/06/04 v1.11 sample graphics configuration
)
Package graphics Info: Driver file: xetex.def on input line 107.
 (C:\Users\CPE\AppData\Local\Programs\MiKTeX\tex/latex/graphics-def\xetex.def
File: xetex.def 2022/04/16 v5.0m Graphics/color driver for xetex
))
\Gin@req@height=\dimen147
\Gin@req@width=\dimen148
) (C:\Users\CPE\AppData\Local\Programs\MiKTeX\tex/latex/tools\array.sty
Package: array 2021/10/04 v2.5f Tabular extension package (FMi)
\col@sep=\dimen149
\ar@mcellbox=\box51
\extrarowheight=\dimen150
\NC@list=\toks18
\extratabsurround=\skip49
\backup@length=\skip50
\ar@cellbox=\box52
)
(C:\Users\CPE\AppData\Local\Programs\MiKTeX\tex/latex/amsfonts\amsfonts.sty
Package: amsfonts 2013/01/14 v3.01 Basic AMSFonts support
\@emptytoks=\toks19
\symAMSa=\mathgroup4
\symAMSb=\mathgroup5
LaTeX Font Info:    Redeclaring math symbol \hbar on input line 98.
LaTeX Font Info:    Overwriting math alphabet `\mathfrak' in version `bold'
(Font)                  U/euf/m/n --> U/euf/b/n on input line 106.
)
(C:\Users\CPE\AppData\Local\Programs\MiKTeX\tex/latex/amsmath\amsmath.sty
Package: amsmath 2022/04/08 v2.17n AMS math features
\@mathmargin=\skip51

For additional information on amsmath, use the `?' option.
(C:\Users\CPE\AppData\Local\Programs\MiKTeX\tex/latex/amsmath\amstext.sty
Package: amstext 2021/08/26 v2.01 AMS text

(C:\Users\CPE\AppData\Local\Programs\MiKTeX\tex/latex/amsmath\amsgen.sty
File: amsgen.sty 1999/11/30 v2.0 generic functions
\@emptytoks=\toks20
\ex@=\dimen151
))
(C:\Users\CPE\AppData\Local\Programs\MiKTeX\tex/latex/amsmath\amsbsy.sty
Package: amsbsy 1999/11/29 v1.2d Bold Symbols
\pmbraise@=\dimen152
)
(C:\Users\CPE\AppData\Local\Programs\MiKTeX\tex/latex/amsmath\amsopn.sty
Package: amsopn 2022/04/08 v2.04 operator names
)
\inf@bad=\count193
LaTeX Info: Redefining \frac on input line 234.
\uproot@=\count194
\leftroot@=\count195
LaTeX Info: Redefining \overline on input line 399.
LaTeX Info: Redefining \colon on input line 410.
\classnum@=\count196
\DOTSCASE@=\count197
LaTeX Info: Redefining \ldots on input line 496.
LaTeX Info: Redefining \dots on input line 499.
LaTeX Info: Redefining \cdots on input line 620.
\Mathstrutbox@=\box53
\strutbox@=\box54
LaTeX Info: Redefining \big on input line 722.
LaTeX Info: Redefining \Big on input line 723.
LaTeX Info: Redefining \bigg on input line 724.
LaTeX Info: Redefining \Bigg on input line 725.
\big@size=\dimen153
LaTeX Font Info:    Redeclaring font encoding OML on input line 743.
LaTeX Font Info:    Redeclaring font encoding OMS on input line 744.
\macc@depth=\count198
LaTeX Info: Redefining \bmod on input line 905.
LaTeX Info: Redefining \pmod on input line 910.
LaTeX Info: Redefining \smash on input line 940.
LaTeX Info: Redefining \relbar on input line 970.
LaTeX Info: Redefining \Relbar on input line 971.
\c@MaxMatrixCols=\count199
\dotsspace@=\muskip16
\c@parentequation=\count266
\dspbrk@lvl=\count267
\tag@help=\toks21
\row@=\count268
\column@=\count269
\maxfields@=\count270
\andhelp@=\toks22
\eqnshift@=\dimen154
\alignsep@=\dimen155
\tagshift@=\dimen156
\tagwidth@=\dimen157
\totwidth@=\dimen158
\lineht@=\dimen159
\@envbody=\toks23
\multlinegap=\skip52
\multlinetaggap=\skip53
\mathdisplay@stack=\toks24
LaTeX Info: Redefining \[ on input line 2953.
LaTeX Info: Redefining \] on input line 2954.
)
(C:\Users\CPE\AppData\Local\Programs\MiKTeX\tex/xelatex/mathspec\mathspec.sty
Package: mathspec 2016/12/22 v0.2b LaTeX Package (Mathematics font selection fo
r XeLaTeX)

(C:\Users\CPE\AppData\Local\Programs\MiKTeX\tex/latex/etoolbox\etoolbox.sty
Package: etoolbox 2020/10/05 v2.5k e-TeX tools for LaTeX (JAW)
\etb@tempcnta=\count271
)
(C:\Users\CPE\AppData\Local\Programs\MiKTeX\tex/generic/iftex\ifxetex.sty
Package: ifxetex 2019/10/25 v0.7 ifxetex legacy package. Use iftex instead.
)
(C:\Users\CPE\AppData\Local\Programs\MiKTeX\tex/latex/fontspec\fontspec.sty
(C:\Users\CPE\AppData\Local\Programs\MiKTeX\tex/latex/l3packages/xparse\xparse.
sty (C:\Users\CPE\AppData\Local\Programs\MiKTeX\tex/latex/l3kernel\expl3.sty
Package: expl3 2022-07-04 L3 programming layer (loader) 

(C:\Users\CPE\AppData\Local\Programs\MiKTeX\tex/latex/l3backend\l3backend-xetex
.def
File: l3backend-xetex.def 2022-07-01 L3 backend support: XeTeX
\g__graphics_track_int=\count272
\l__pdf_internal_box=\box55
\g__pdf_backend_object_int=\count273
\g__pdf_backend_annotation_int=\count274
\g__pdf_backend_link_int=\count275
))
Package: xparse 2022-06-22 L3 Experimental document command parser
)
Package: fontspec 2022/01/15 v2.8a Font selection for XeLaTeX and LuaLaTeX

(C:\Users\CPE\AppData\Local\Programs\MiKTeX\tex/latex/fontspec\fontspec-xetex.s
ty
Package: fontspec-xetex 2022/01/15 v2.8a Font selection for XeLaTeX and LuaLaTe
X
\l__fontspec_script_int=\count276
\l__fontspec_language_int=\count277
\l__fontspec_strnum_int=\count278
\l__fontspec_tmp_int=\count279
\l__fontspec_tmpa_int=\count280
\l__fontspec_tmpb_int=\count281
\l__fontspec_tmpc_int=\count282
\l__fontspec_em_int=\count283
\l__fontspec_emdef_int=\count284
\l__fontspec_strong_int=\count285
\l__fontspec_strongdef_int=\count286
\l__fontspec_tmpa_dim=\dimen160
\l__fontspec_tmpb_dim=\dimen161
\l__fontspec_tmpc_dim=\dimen162
 (C:\Users\CPE\AppData\Local\Programs\MiKTeX\tex/latex/base\fontenc.sty
Package: fontenc 2021/04/29 v2.0v Standard LaTeX package
)
(C:\Users\CPE\AppData\Local\Programs\MiKTeX\tex/latex/fontspec\fontspec.cfg)))
(C:\Users\CPE\AppData\Local\Programs\MiKTeX\tex/latex/xkeyval\xkeyval.sty
Package: xkeyval 2022/06/16 v2.9 package option processing (HA)

(C:\Users\CPE\AppData\Local\Programs\MiKTeX\tex/generic/xkeyval\xkeyval.tex
(C:\Users\CPE\AppData\Local\Programs\MiKTeX\tex/generic/xkeyval\xkvutils.tex
\XKV@toks=\toks25
\XKV@tempa@toks=\toks26
)
\XKV@depth=\count287
File: xkeyval.tex 2014/12/03 v2.7a key=value parser (HA)
))
\c@eu@=\count288
\c@eu@i=\count289
\c@mkern=\count290
) (C:\Users\CPE\AppData\Local\Programs\MiKTeX\tex/xelatex/xunicode\xunicode.sty
File: xunicode.sty 2011/09/09 v0.981 provides access to latin accents and many 
other characters in Unicode lower plane
(C:\Users\CPE\AppData\Local\Programs\MiKTeX\tex/latex/tipa\t3enc.def
File: t3enc.def 2001/12/31 T3 encoding
)
\tipaTiiicode=\count291
\tipasavetokens=\toks27
\tipachecktokens=\toks28
)
(C:\Users\CPE\AppData\Local\Programs\MiKTeX\tex/latex/xltxtra\xltxtra.sty
Package: xltxtra 2018/12/31 v0.7 Improvements for the "XeLaTeX" format

(C:\Users\CPE\AppData\Local\Programs\MiKTeX\tex/generic/iftex\ifluatex.sty
Package: ifluatex 2019/10/25 v1.5 ifluatex legacy package. Use iftex instead.
)
(C:\Users\CPE\AppData\Local\Programs\MiKTeX\tex/latex/realscripts\realscripts.s
ty
Package: realscripts 2016/02/13 v0.3d Access OpenType subscripts and superscrip
ts
\subsupersep=\dimen163
) (C:\Users\CPE\AppData\Local\Programs\MiKTeX\tex/latex/metalogo\metalogo.sty
Package: metalogo 2010/05/29 v0.12 Extended TeX logo macros
\xl@everylogo=\toks29
\xl@@everylogo=\toks30
LaTeX Info: Redefining \TeX on input line 193.
LaTeX Info: Redefining \LaTeX on input line 202.
LaTeX Info: Redefining \LaTeXe on input line 219.
)
\l__xetex_show_hyphens_wrapping_box=\box56
\l__xetex_show_hyphens_temp_box=\box57
\l__xetex_show_hyphens_final_box=\box58
\g__xetex_show_hyphens_word_box=\box59
) (C:\Users\CPE\AppData\Local\Programs\MiKTeX\tex/latex/url\url.sty
\Urlmuskip=\muskip17
Package: url 2013/09/16  ver 3.4  Verb mode for urls, etc.
)
(C:\Users\CPE\AppData\Local\Programs\MiKTeX\tex/latex/hyperref\hyperref.sty
Package: hyperref 2022-06-20 v7.00s Hypertext links for LaTeX

(C:\Users\CPE\AppData\Local\Programs\MiKTeX\tex/generic/ltxcmds\ltxcmds.sty
Package: ltxcmds 2020-05-10 v1.25 LaTeX kernel commands for general use (HO)
)
(C:\Users\CPE\AppData\Local\Programs\MiKTeX\tex/generic/pdftexcmds\pdftexcmds.s
ty
Package: pdftexcmds 2020-06-27 v0.33 Utility functions of pdfTeX for LuaTeX (HO
)

(C:\Users\CPE\AppData\Local\Programs\MiKTeX\tex/generic/infwarerr\infwarerr.sty
Package: infwarerr 2019/12/03 v1.5 Providing info/warning/error messages (HO)
)
Package pdftexcmds Info: \pdf@primitive is available.
Package pdftexcmds Info: \pdf@ifprimitive is available.
Package pdftexcmds Info: \pdfdraftmode not found.
)
(C:\Users\CPE\AppData\Local\Programs\MiKTeX\tex/latex/kvsetkeys\kvsetkeys.sty
Package: kvsetkeys 2022-10-05 v1.19 Key value parser (HO)
)
(C:\Users\CPE\AppData\Local\Programs\MiKTeX\tex/generic/kvdefinekeys\kvdefineke
ys.sty
Package: kvdefinekeys 2019-12-19 v1.6 Define keys (HO)
)
(C:\Users\CPE\AppData\Local\Programs\MiKTeX\tex/generic/pdfescape\pdfescape.sty
Package: pdfescape 2019/12/09 v1.15 Implements pdfTeX's escape features (HO)
) (C:\Users\CPE\AppData\Local\Programs\MiKTeX\tex/latex/hycolor\hycolor.sty
Package: hycolor 2020-01-27 v1.10 Color options for hyperref/bookmark (HO)
)
(C:\Users\CPE\AppData\Local\Programs\MiKTeX\tex/latex/letltxmacro\letltxmacro.s
ty
Package: letltxmacro 2019/12/03 v1.6 Let assignment for LaTeX macros (HO)
) (C:\Users\CPE\AppData\Local\Programs\MiKTeX\tex/latex/auxhook\auxhook.sty
Package: auxhook 2019-12-17 v1.6 Hooks for auxiliary files (HO)
)
(C:\Users\CPE\AppData\Local\Programs\MiKTeX\tex/latex/hyperref\nameref.sty
Package: nameref 2022-05-17 v2.50 Cross-referencing by name of section

(C:\Users\CPE\AppData\Local\Programs\MiKTeX\tex/latex/refcount\refcount.sty
Package: refcount 2019/12/15 v3.6 Data extraction from label references (HO)
)
(C:\Users\CPE\AppData\Local\Programs\MiKTeX\tex/generic/gettitlestring\gettitle
string.sty
Package: gettitlestring 2019/12/15 v1.6 Cleanup title references (HO)

(C:\Users\CPE\AppData\Local\Programs\MiKTeX\tex/latex/kvoptions\kvoptions.sty
Package: kvoptions 2022-06-15 v3.15 Key value format for package options (HO)
))
\c@section@level=\count292
)
\@linkdim=\dimen164
\Hy@linkcounter=\count293
\Hy@pagecounter=\count294
 (C:\Users\CPE\AppData\Local\Programs\MiKTeX\tex/latex/hyperref\pd1enc.def
File: pd1enc.def 2022-06-20 v7.00s Hyperref: PDFDocEncoding definition (HO)
)
(C:\Users\CPE\AppData\Local\Programs\MiKTeX\tex/generic/intcalc\intcalc.sty
Package: intcalc 2019/12/15 v1.3 Expandable calculations with integers (HO)
)
(C:\Users\CPE\AppData\Local\Programs\MiKTeX\tex/generic/etexcmds\etexcmds.sty
Package: etexcmds 2019/12/15 v1.7 Avoid name clashes with e-TeX commands (HO)
)
\Hy@SavedSpaceFactor=\count295

(C:\Users\CPE\AppData\Local\Programs\MiKTeX\tex/latex/hyperref\puenc.def
File: puenc.def 2022-06-20 v7.00s Hyperref: PDF Unicode definition (HO)

(C:\Users\CPE\AppData\Local\Programs\MiKTeX\tex/latex/hyperref\puenc-greekbasic
.def
File: puenc-greekbasic.def 2022-06-20 v7.00s Hyperref: PDF Unicode definition (
greek block) (HO)
))
Package hyperref Info: Hyper figures OFF on input line 4162.
Package hyperref Info: Link nesting OFF on input line 4167.
Package hyperref Info: Hyper index ON on input line 4170.
Package hyperref Info: Plain pages OFF on input line 4177.
Package hyperref Info: Backreferencing OFF on input line 4182.
Package hyperref Info: Implicit mode ON; LaTeX internals redefined.
Package hyperref Info: Bookmarks ON on input line 4408.
\c@Hy@tempcnt=\count296
LaTeX Info: Redefining \url on input line 4746.
\XeTeXLinkMargin=\dimen165

(C:\Users\CPE\AppData\Local\Programs\MiKTeX\tex/generic/bitset\bitset.sty
Package: bitset 2019/12/09 v1.3 Handle bit-vector datatype (HO)

(C:\Users\CPE\AppData\Local\Programs\MiKTeX\tex/generic/bigintcalc\bigintcalc.s
ty
Package: bigintcalc 2019/12/15 v1.5 Expandable calculations on big integers (HO
)
))
\Fld@menulength=\count297
\Field@Width=\dimen166
\Fld@charsize=\dimen167
Package hyperref Info: Hyper figures OFF on input line 6024.
Package hyperref Info: Link nesting OFF on input line 6029.
Package hyperref Info: Hyper index ON on input line 6032.
Package hyperref Info: backreferencing OFF on input line 6039.
Package hyperref Info: Link coloring OFF on input line 6044.
Package hyperref Info: Link coloring with OCG OFF on input line 6049.
Package hyperref Info: PDF/A mode OFF on input line 6054.

(C:\Users\CPE\AppData\Local\Programs\MiKTeX\tex/latex/base\atbegshi-ltx.sty
Package: atbegshi-ltx 2021/01/10 v1.0c Emulation of the original atbegshi
package with kernel methods
)
\Hy@abspage=\count298
\c@Item=\count299
\c@Hfootnote=\count300
)
Package hyperref Info: Driver (autodetected): hxetex.

(C:\Users\CPE\AppData\Local\Programs\MiKTeX\tex/latex/hyperref\hxetex.def
File: hxetex.def 2022-06-20 v7.00s Hyperref driver for XeTeX

(C:\Users\CPE\AppData\Local\Programs\MiKTeX\tex/generic/stringenc\stringenc.sty
Package: stringenc 2019/11/29 v1.12 Convert strings between diff. encodings (HO
)
)
\pdfm@box=\box60
\c@Hy@AnnotLevel=\count301
\HyField@AnnotCount=\count302
\Fld@listcount=\count303
\c@bookmark@seq@number=\count304

(C:\Users\CPE\AppData\Local\Programs\MiKTeX\tex/latex/rerunfilecheck\rerunfilec
heck.sty
Package: rerunfilecheck 2022-07-10 v1.10 Rerun checks for auxiliary files (HO)

(C:\Users\CPE\AppData\Local\Programs\MiKTeX\tex/latex/base\atveryend-ltx.sty
Package: atveryend-ltx 2020/08/19 v1.0a Emulation of the original atveryend pac
kage
with kernel methods
)
(C:\Users\CPE\AppData\Local\Programs\MiKTeX\tex/generic/uniquecounter\uniquecou
nter.sty
Package: uniquecounter 2019/12/15 v1.4 Provide unlimited unique counter (HO)
)
Package uniquecounter Info: New unique counter `rerunfilecheck' on input line 2
85.
)
\Hy@SectionHShift=\skip54
)
Package hyperref Info: Option `linktocpage' set `true' on input line 54.
Package hyperref Info: Option `colorlinks' set `true' on input line 54.
\bibindent=\dimen168

(C:\Users\CPE\AppData\Local\Programs\MiKTeX\tex/latex/base\latexsym.sty
Package: latexsym 1998/08/17 v2.2e Standard LaTeX package (lasy symbols)
\symlasy=\mathgroup6
LaTeX Font Info:    Overwriting symbol font `lasy' in version `bold'
(Font)                  U/lasy/m/n --> U/lasy/b/n on input line 52.
)
\c@definition=\count305
)
(C:\Users\CPE\AppData\Local\Programs\MiKTeX\tex/latex/polyglossia\polyglossia.s
ty
Package: polyglossia 2022/10/26 v1.58 Modern multilingual typesetting with XeLa
TeX and LuaLaTeX
 (C:\Users\CPE\AppData\Local\Programs\MiKTeX\tex/latex/makecmds\makecmds.sty
Package: makecmds 2009/09/03 v1.0a extra command making commands
)
(C:\Users\CPE\AppData\Local\Programs\MiKTeX\tex/latex/l3packages/l3keys2e\l3key
s2e.sty
Package: l3keys2e 2022-06-22 LaTeX2e option processing using LaTeX3 keys
)
\xpg@normalclass=\XeTeXcharclass1

(C:\Users\CPE\AppData\Local\Programs\MiKTeX\tex/latex/polyglossia\gloss-latex.l
de
Package: gloss-latex 2022/10/26 vv1.58 polyglossia: module for default language

The property list \polyglossia@langsetup contains the pairs (without outer
braces):
>  {latex/script}  =>  {latin}
>  {latex/lcscript}  =>  {latin}
>  {latex/scripttag}  =>  {}
>  {latex/language}  =>  {Latex}
>  {latex/langtag}  =>  {ENG}
>  {latex/bcp47}  =>  {}
>  {latex/hyphennames}  =>  {english}
>  {latex/direction}  =>  {LR}
>  {latex/hyphenmins}  =>  {2,3}
>  {latex/frenchspacing}  =>  {false}
>  {latex/indentfirst}  =>  {false}
>  {latex/fontsetup}  =>  {true}
>  {latex/envname}  =>  {latex}
>  {latex/babelname}  =>  {latex}
>  {latex/localnumeral}  =>  {polyglossia@C@localnumeral}
>  {latex/Localnumeral}  =>  {polyglossia@C@localnumeral}
>  {latex/DefineCommandsCmd}  =>  {use_none:n}.
)
Package polyglossia Info: Default language is latex.
)
(C:\Users\CPE\AppData\Local\Programs\MiKTeX\tex/latex/multirow\multirow.sty
Package: multirow 2021/03/15 v2.8 Span multiple rows of a table
\multirow@colwidth=\skip55
\multirow@cntb=\count306
\multirow@dima=\skip56
\bigstrutjot=\dimen169
)
(C:\Users\CPE\AppData\Local\Programs\MiKTeX\tex/latex/booktabs\booktabs.sty
Package: booktabs 2020/01/12 v1.61803398 Publication quality tables
\heavyrulewidth=\dimen170
\lightrulewidth=\dimen171
\cmidrulewidth=\dimen172
\belowrulesep=\dimen173
\belowbottomsep=\dimen174
\aboverulesep=\dimen175
\abovetopsep=\dimen176
\cmidrulesep=\dimen177
\cmidrulekern=\dimen178
\defaultaddspace=\dimen179
\@cmidla=\count307
\@cmidlb=\count308
\@aboverulesep=\dimen180
\@belowrulesep=\dimen181
\@thisruleclass=\count309
\@lastruleclass=\count310
\@thisrulewidth=\dimen182
)
(C:\Users\CPE\AppData\Local\Programs\MiKTeX\tex/latex/xcolor\xcolor.sty
Package: xcolor 2022/06/12 v2.14 LaTeX color extensions (UK)

(C:\Users\CPE\AppData\Local\Programs\MiKTeX\tex/latex/graphics-cfg\color.cfg
File: color.cfg 2016/01/02 v1.6 sample color configuration
)
Package xcolor Info: Driver file: xetex.def on input line 227.

(C:\Users\CPE\AppData\Local\Programs\MiKTeX\tex/latex/colortbl\colortbl.sty
Package: colortbl 2022/06/20 v1.0f Color table columns (DPC)
\everycr=\toks31
\minrowclearance=\skip57
\rownum=\count311
)
(C:\Users\CPE\AppData\Local\Programs\MiKTeX\tex/latex-dev/graphics\mathcolor.lt
x)
Package xcolor Info: Model `cmy' substituted by `cmy0' on input line 1353.
Package xcolor Info: Model `RGB' extended on input line 1369.
Package xcolor Info: Model `HTML' substituted by `rgb' on input line 1371.
Package xcolor Info: Model `Hsb' substituted by `hsb' on input line 1372.
Package xcolor Info: Model `tHsb' substituted by `hsb' on input line 1373.
Package xcolor Info: Model `HSB' substituted by `hsb' on input line 1374.
Package xcolor Info: Model `Gray' substituted by `gray' on input line 1375.
Package xcolor Info: Model `wave' substituted by `hsb' on input line 1376.
) (C:\Users\CPE\AppData\Local\Programs\MiKTeX\tex/latex/pgfgantt\pgfgantt.sty
Package: pgfgantt 2018/01/10 v5.0 Draw Gantt diagrams with TikZ

(C:\Users\CPE\AppData\Local\Programs\MiKTeX\tex/latex/pgf/frontendlayer\tikz.st
y (C:\Users\CPE\AppData\Local\Programs\MiKTeX\tex/latex/pgf/basiclayer\pgf.sty
(C:\Users\CPE\AppData\Local\Programs\MiKTeX\tex/latex/pgf/utilities\pgfrcs.sty
(C:\Users\CPE\AppData\Local\Programs\MiKTeX\tex/generic/pgf/utilities\pgfutil-c
ommon.tex
\pgfutil@everybye=\toks32
\pgfutil@tempdima=\dimen183
\pgfutil@tempdimb=\dimen184

(C:\Users\CPE\AppData\Local\Programs\MiKTeX\tex/generic/pgf/utilities\pgfutil-c
ommon-lists.tex))
(C:\Users\CPE\AppData\Local\Programs\MiKTeX\tex/generic/pgf/utilities\pgfutil-l
atex.def
\pgfutil@abb=\box61
)
(C:\Users\CPE\AppData\Local\Programs\MiKTeX\tex/generic/pgf/utilities\pgfrcs.co
de.tex
(C:\Users\CPE\AppData\Local\Programs\MiKTeX\tex/generic/pgf\pgf.revision.tex)
Package: pgfrcs 2021/05/15 v3.1.9a (3.1.9a)
))
Package: pgf 2021/05/15 v3.1.9a (3.1.9a)

(C:\Users\CPE\AppData\Local\Programs\MiKTeX\tex/latex/pgf/basiclayer\pgfcore.st
y
(C:\Users\CPE\AppData\Local\Programs\MiKTeX\tex/latex/pgf/systemlayer\pgfsys.st
y
(C:\Users\CPE\AppData\Local\Programs\MiKTeX\tex/generic/pgf/systemlayer\pgfsys.
code.tex
Package: pgfsys 2021/05/15 v3.1.9a (3.1.9a)

(C:\Users\CPE\AppData\Local\Programs\MiKTeX\tex/generic/pgf/utilities\pgfkeys.c
ode.tex
\pgfkeys@pathtoks=\toks33
\pgfkeys@temptoks=\toks34

(C:\Users\CPE\AppData\Local\Programs\MiKTeX\tex/generic/pgf/utilities\pgfkeysfi
ltered.code.tex
\pgfkeys@tmptoks=\toks35
))
\pgf@x=\dimen185
\pgf@y=\dimen186
\pgf@xa=\dimen187
\pgf@ya=\dimen188
\pgf@xb=\dimen189
\pgf@yb=\dimen190
\pgf@xc=\dimen191
\pgf@yc=\dimen192
\pgf@xd=\dimen193
\pgf@yd=\dimen194
\w@pgf@writea=\write3
\r@pgf@reada=\read2
\c@pgf@counta=\count312
\c@pgf@countb=\count313
\c@pgf@countc=\count314
\c@pgf@countd=\count315
\t@pgf@toka=\toks36
\t@pgf@tokb=\toks37
\t@pgf@tokc=\toks38
\pgf@sys@id@count=\count316

(C:\Users\CPE\AppData\Local\Programs\MiKTeX\tex/generic/pgf/systemlayer\pgf.cfg
File: pgf.cfg 2021/05/15 v3.1.9a (3.1.9a)
)
Driver file for pgf: pgfsys-xetex.def

(C:\Users\CPE\AppData\Local\Programs\MiKTeX\tex/generic/pgf/systemlayer\pgfsys-
xetex.def
File: pgfsys-xetex.def 2021/05/15 v3.1.9a (3.1.9a)

(C:\Users\CPE\AppData\Local\Programs\MiKTeX\tex/generic/pgf/systemlayer\pgfsys-
dvipdfmx.def
File: pgfsys-dvipdfmx.def 2021/05/15 v3.1.9a (3.1.9a)

(C:\Users\CPE\AppData\Local\Programs\MiKTeX\tex/generic/pgf/systemlayer\pgfsys-
common-pdf.def
File: pgfsys-common-pdf.def 2021/05/15 v3.1.9a (3.1.9a)
)
\pgfsys@objnum=\count317
)))
(C:\Users\CPE\AppData\Local\Programs\MiKTeX\tex/generic/pgf/systemlayer\pgfsyss
oftpath.code.tex
File: pgfsyssoftpath.code.tex 2021/05/15 v3.1.9a (3.1.9a)
\pgfsyssoftpath@smallbuffer@items=\count318
\pgfsyssoftpath@bigbuffer@items=\count319
)
(C:\Users\CPE\AppData\Local\Programs\MiKTeX\tex/generic/pgf/systemlayer\pgfsysp
rotocol.code.tex
File: pgfsysprotocol.code.tex 2021/05/15 v3.1.9a (3.1.9a)
))
(C:\Users\CPE\AppData\Local\Programs\MiKTeX\tex/generic/pgf/basiclayer\pgfcore.
code.tex
Package: pgfcore 2021/05/15 v3.1.9a (3.1.9a)

(C:\Users\CPE\AppData\Local\Programs\MiKTeX\tex/generic/pgf/math\pgfmath.code.t
ex
(C:\Users\CPE\AppData\Local\Programs\MiKTeX\tex/generic/pgf/math\pgfmathcalc.co
de.tex
(C:\Users\CPE\AppData\Local\Programs\MiKTeX\tex/generic/pgf/math\pgfmathutil.co
de.tex)
(C:\Users\CPE\AppData\Local\Programs\MiKTeX\tex/generic/pgf/math\pgfmathparser.
code.tex
\pgfmath@dimen=\dimen195
\pgfmath@count=\count320
\pgfmath@box=\box62
\pgfmath@toks=\toks39
\pgfmath@stack@operand=\toks40
\pgfmath@stack@operation=\toks41
)
(C:\Users\CPE\AppData\Local\Programs\MiKTeX\tex/generic/pgf/math\pgfmathfunctio
ns.code.tex
(C:\Users\CPE\AppData\Local\Programs\MiKTeX\tex/generic/pgf/math\pgfmathfunctio
ns.basic.code.tex)
(C:\Users\CPE\AppData\Local\Programs\MiKTeX\tex/generic/pgf/math\pgfmathfunctio
ns.trigonometric.code.tex)
(C:\Users\CPE\AppData\Local\Programs\MiKTeX\tex/generic/pgf/math\pgfmathfunctio
ns.random.code.tex)
(C:\Users\CPE\AppData\Local\Programs\MiKTeX\tex/generic/pgf/math\pgfmathfunctio
ns.comparison.code.tex)
(C:\Users\CPE\AppData\Local\Programs\MiKTeX\tex/generic/pgf/math\pgfmathfunctio
ns.base.code.tex)
(C:\Users\CPE\AppData\Local\Programs\MiKTeX\tex/generic/pgf/math\pgfmathfunctio
ns.round.code.tex)
(C:\Users\CPE\AppData\Local\Programs\MiKTeX\tex/generic/pgf/math\pgfmathfunctio
ns.misc.code.tex)
(C:\Users\CPE\AppData\Local\Programs\MiKTeX\tex/generic/pgf/math\pgfmathfunctio
ns.integerarithmetics.code.tex)))
(C:\Users\CPE\AppData\Local\Programs\MiKTeX\tex/generic/pgf/math\pgfmathfloat.c
ode.tex
\c@pgfmathroundto@lastzeros=\count321
))
(C:\Users\CPE\AppData\Local\Programs\MiKTeX\tex/generic/pgf/math\pgfint.code.te
x)
(C:\Users\CPE\AppData\Local\Programs\MiKTeX\tex/generic/pgf/basiclayer\pgfcorep
oints.code.tex
File: pgfcorepoints.code.tex 2021/05/15 v3.1.9a (3.1.9a)
\pgf@picminx=\dimen196
\pgf@picmaxx=\dimen197
\pgf@picminy=\dimen198
\pgf@picmaxy=\dimen199
\pgf@pathminx=\dimen256
\pgf@pathmaxx=\dimen257
\pgf@pathminy=\dimen258
\pgf@pathmaxy=\dimen259
\pgf@xx=\dimen260
\pgf@xy=\dimen261
\pgf@yx=\dimen262
\pgf@yy=\dimen263
\pgf@zx=\dimen264
\pgf@zy=\dimen265
)
(C:\Users\CPE\AppData\Local\Programs\MiKTeX\tex/generic/pgf/basiclayer\pgfcorep
athconstruct.code.tex
File: pgfcorepathconstruct.code.tex 2021/05/15 v3.1.9a (3.1.9a)
\pgf@path@lastx=\dimen266
\pgf@path@lasty=\dimen267
)
(C:\Users\CPE\AppData\Local\Programs\MiKTeX\tex/generic/pgf/basiclayer\pgfcorep
athusage.code.tex
File: pgfcorepathusage.code.tex 2021/05/15 v3.1.9a (3.1.9a)
\pgf@shorten@end@additional=\dimen268
\pgf@shorten@start@additional=\dimen269
)
(C:\Users\CPE\AppData\Local\Programs\MiKTeX\tex/generic/pgf/basiclayer\pgfcores
copes.code.tex
File: pgfcorescopes.code.tex 2021/05/15 v3.1.9a (3.1.9a)
\pgfpic=\box63
\pgf@hbox=\box64
\pgf@layerbox@main=\box65
\pgf@picture@serial@count=\count322
)
(C:\Users\CPE\AppData\Local\Programs\MiKTeX\tex/generic/pgf/basiclayer\pgfcoreg
raphicstate.code.tex
File: pgfcoregraphicstate.code.tex 2021/05/15 v3.1.9a (3.1.9a)
\pgflinewidth=\dimen270
)
(C:\Users\CPE\AppData\Local\Programs\MiKTeX\tex/generic/pgf/basiclayer\pgfcoret
ransformations.code.tex
File: pgfcoretransformations.code.tex 2021/05/15 v3.1.9a (3.1.9a)
\pgf@pt@x=\dimen271
\pgf@pt@y=\dimen272
\pgf@pt@temp=\dimen273
)
(C:\Users\CPE\AppData\Local\Programs\MiKTeX\tex/generic/pgf/basiclayer\pgfcoreq
uick.code.tex
File: pgfcorequick.code.tex 2021/05/15 v3.1.9a (3.1.9a)
)
(C:\Users\CPE\AppData\Local\Programs\MiKTeX\tex/generic/pgf/basiclayer\pgfcoreo
bjects.code.tex
File: pgfcoreobjects.code.tex 2021/05/15 v3.1.9a (3.1.9a)
)
(C:\Users\CPE\AppData\Local\Programs\MiKTeX\tex/generic/pgf/basiclayer\pgfcorep
athprocessing.code.tex
File: pgfcorepathprocessing.code.tex 2021/05/15 v3.1.9a (3.1.9a)
)
(C:\Users\CPE\AppData\Local\Programs\MiKTeX\tex/generic/pgf/basiclayer\pgfcorea
rrows.code.tex
File: pgfcorearrows.code.tex 2021/05/15 v3.1.9a (3.1.9a)
\pgfarrowsep=\dimen274
)
(C:\Users\CPE\AppData\Local\Programs\MiKTeX\tex/generic/pgf/basiclayer\pgfcores
hade.code.tex
File: pgfcoreshade.code.tex 2021/05/15 v3.1.9a (3.1.9a)
\pgf@max=\dimen275
\pgf@sys@shading@range@num=\count323
\pgf@shadingcount=\count324
)
(C:\Users\CPE\AppData\Local\Programs\MiKTeX\tex/generic/pgf/basiclayer\pgfcorei
mage.code.tex
File: pgfcoreimage.code.tex 2021/05/15 v3.1.9a (3.1.9a)

(C:\Users\CPE\AppData\Local\Programs\MiKTeX\tex/generic/pgf/basiclayer\pgfcoree
xternal.code.tex
File: pgfcoreexternal.code.tex 2021/05/15 v3.1.9a (3.1.9a)
\pgfexternal@startupbox=\box66
))
(C:\Users\CPE\AppData\Local\Programs\MiKTeX\tex/generic/pgf/basiclayer\pgfcorel
ayers.code.tex
File: pgfcorelayers.code.tex 2021/05/15 v3.1.9a (3.1.9a)
)
(C:\Users\CPE\AppData\Local\Programs\MiKTeX\tex/generic/pgf/basiclayer\pgfcoret
ransparency.code.tex
File: pgfcoretransparency.code.tex 2021/05/15 v3.1.9a (3.1.9a)
)
(C:\Users\CPE\AppData\Local\Programs\MiKTeX\tex/generic/pgf/basiclayer\pgfcorep
atterns.code.tex
File: pgfcorepatterns.code.tex 2021/05/15 v3.1.9a (3.1.9a)
)
(C:\Users\CPE\AppData\Local\Programs\MiKTeX\tex/generic/pgf/basiclayer\pgfcorer
df.code.tex
File: pgfcorerdf.code.tex 2021/05/15 v3.1.9a (3.1.9a)
)))
(C:\Users\CPE\AppData\Local\Programs\MiKTeX\tex/generic/pgf/modules\pgfmodulesh
apes.code.tex
File: pgfmoduleshapes.code.tex 2021/05/15 v3.1.9a (3.1.9a)
\pgfnodeparttextbox=\box67
)
(C:\Users\CPE\AppData\Local\Programs\MiKTeX\tex/generic/pgf/modules\pgfmodulepl
ot.code.tex
File: pgfmoduleplot.code.tex 2021/05/15 v3.1.9a (3.1.9a)
)
(C:\Users\CPE\AppData\Local\Programs\MiKTeX\tex/latex/pgf/compatibility\pgfcomp
-version-0-65.sty
Package: pgfcomp-version-0-65 2021/05/15 v3.1.9a (3.1.9a)
\pgf@nodesepstart=\dimen276
\pgf@nodesepend=\dimen277
)
(C:\Users\CPE\AppData\Local\Programs\MiKTeX\tex/latex/pgf/compatibility\pgfcomp
-version-1-18.sty
Package: pgfcomp-version-1-18 2021/05/15 v3.1.9a (3.1.9a)
))
(C:\Users\CPE\AppData\Local\Programs\MiKTeX\tex/latex/pgf/utilities\pgffor.sty
(C:\Users\CPE\AppData\Local\Programs\MiKTeX\tex/latex/pgf/utilities\pgfkeys.sty

(C:\Users\CPE\AppData\Local\Programs\MiKTeX\tex/generic/pgf/utilities\pgfkeys.c
ode.tex))
(C:\Users\CPE\AppData\Local\Programs\MiKTeX\tex/latex/pgf/math\pgfmath.sty
(C:\Users\CPE\AppData\Local\Programs\MiKTeX\tex/generic/pgf/math\pgfmath.code.t
ex))
(C:\Users\CPE\AppData\Local\Programs\MiKTeX\tex/generic/pgf/utilities\pgffor.co
de.tex
Package: pgffor 2021/05/15 v3.1.9a (3.1.9a)

(C:\Users\CPE\AppData\Local\Programs\MiKTeX\tex/generic/pgf/math\pgfmath.code.t
ex)
\pgffor@iter=\dimen278
\pgffor@skip=\dimen279
\pgffor@stack=\toks42
\pgffor@toks=\toks43
))
(C:\Users\CPE\AppData\Local\Programs\MiKTeX\tex/generic/pgf/frontendlayer/tikz\
tikz.code.tex
Package: tikz 2021/05/15 v3.1.9a (3.1.9a)

(C:\Users\CPE\AppData\Local\Programs\MiKTeX\tex/generic/pgf/libraries\pgflibrar
yplothandlers.code.tex
File: pgflibraryplothandlers.code.tex 2021/05/15 v3.1.9a (3.1.9a)
\pgf@plot@mark@count=\count325
\pgfplotmarksize=\dimen280
)
\tikz@lastx=\dimen281
\tikz@lasty=\dimen282
\tikz@lastxsaved=\dimen283
\tikz@lastysaved=\dimen284
\tikz@lastmovetox=\dimen285
\tikz@lastmovetoy=\dimen286
\tikzleveldistance=\dimen287
\tikzsiblingdistance=\dimen288
\tikz@figbox=\box68
\tikz@figbox@bg=\box69
\tikz@tempbox=\box70
\tikz@tempbox@bg=\box71
\tikztreelevel=\count326
\tikznumberofchildren=\count327
\tikznumberofcurrentchild=\count328
\tikz@fig@count=\count329

(C:\Users\CPE\AppData\Local\Programs\MiKTeX\tex/generic/pgf/modules\pgfmodulema
trix.code.tex
File: pgfmodulematrix.code.tex 2021/05/15 v3.1.9a (3.1.9a)
\pgfmatrixcurrentrow=\count330
\pgfmatrixcurrentcolumn=\count331
\pgf@matrix@numberofcolumns=\count332
)
\tikz@expandcount=\count333

(C:\Users\CPE\AppData\Local\Programs\MiKTeX\tex/generic/pgf/frontendlayer/tikz/
libraries\tikzlibrarytopaths.code.tex
File: tikzlibrarytopaths.code.tex 2021/05/15 v3.1.9a (3.1.9a)
)))
(C:\Users\CPE\AppData\Local\Programs\MiKTeX\tex/generic/pgf/frontendlayer/tikz/
libraries\tikzlibraryarrows.code.tex
File: tikzlibraryarrows.code.tex 2021/05/15 v3.1.9a (3.1.9a)

(C:\Users\CPE\AppData\Local\Programs\MiKTeX\tex/generic/pgf/libraries\pgflibrar
yarrows.code.tex
File: pgflibraryarrows.code.tex 2021/05/15 v3.1.9a (3.1.9a)
\arrowsize=\dimen289
))
(C:\Users\CPE\AppData\Local\Programs\MiKTeX\tex/generic/pgf/frontendlayer/tikz/
libraries\tikzlibrarybackgrounds.code.tex
File: tikzlibrarybackgrounds.code.tex 2021/05/15 v3.1.9a (3.1.9a)
\pgf@layerbox@background=\box72
\pgf@layerboxsaved@background=\box73
)
(C:\Users\CPE\AppData\Local\Programs\MiKTeX\tex/generic/pgf/frontendlayer/tikz/
libraries\tikzlibrarycalc.code.tex
File: tikzlibrarycalc.code.tex 2021/05/15 v3.1.9a (3.1.9a)
)
(C:\Users\CPE\AppData\Local\Programs\MiKTeX\tex/generic/pgf/frontendlayer/tikz/
libraries\tikzlibrarypatterns.code.tex
File: tikzlibrarypatterns.code.tex 2021/05/15 v3.1.9a (3.1.9a)

(C:\Users\CPE\AppData\Local\Programs\MiKTeX\tex/generic/pgf/libraries\pgflibrar
ypatterns.code.tex
File: pgflibrarypatterns.code.tex 2021/05/15 v3.1.9a (3.1.9a)
))
(C:\Users\CPE\AppData\Local\Programs\MiKTeX\tex/generic/pgf/frontendlayer/tikz/
libraries\tikzlibrarypositioning.code.tex
File: tikzlibrarypositioning.code.tex 2021/05/15 v3.1.9a (3.1.9a)
)
(C:\Users\CPE\AppData\Local\Programs\MiKTeX\tex/generic/pgf/frontendlayer/tikz/
libraries\tikzlibraryshapes.geometric.code.tex
File: tikzlibraryshapes.geometric.code.tex 2021/05/15 v3.1.9a (3.1.9a)

(C:\Users\CPE\AppData\Local\Programs\MiKTeX\tex/generic/pgf/libraries/shapes\pg
flibraryshapes.geometric.code.tex
File: pgflibraryshapes.geometric.code.tex 2021/05/15 v3.1.9a (3.1.9a)
))
(C:\Users\CPE\AppData\Local\Programs\MiKTeX\tex/latex/pgf/utilities\pgfcalendar
.sty
(C:\Users\CPE\AppData\Local\Programs\MiKTeX\tex/generic/pgf/utilities\pgfcalend
ar.code.tex
File: pgfcalendar.code.tex 2021/05/15 v3.1.9a (3.1.9a)

(C:\Users\CPE\AppData\Local\Programs\MiKTeX\tex/generic/pgf/math\pgfint.code.te
x)
\pgfcalendarcurrentjulian=\count334
\pgf@cal@easter@Y=\count335
\pgf@cal@easter@G=\count336
\pgf@cal@easter@C=\count337
\pgf@cal@easter@X=\count338
\pgf@cal@easter@Z=\count339
\pgf@cal@easter@D=\count340
\pgf@cal@easter@E=\count341
\pgf@cal@easter@N=\count342
\pgf@cal@easter@M=\count343
\pgf@cal@easter@julianday=\count344
))
\gtt@currentline=\count345
\gtt@lasttitleline=\count346
\gtt@currgrid=\count347
\gtt@chartwidth=\count348
\gtt@lasttitleslot=\count349
\gtt@elementid=\count350
\gtt@today@slot=\count351
\gtt@startjulian=\count352
\gtt@endjulian=\count353
\gtt@chartid=\count354
\gtt@vrule@slot=\count355
\gtt@calendar@slots=\count356
\gtt@calendar@weeknumber=\count357
\gtt@calendar@startofweek=\count358
\gtt@left@slot=\count359
\gtt@right@slot=\count360
) (C:\Users\CPE\AppData\Local\Programs\MiKTeX\tex/latex/ulem\ulem.sty
\UL@box=\box74
\UL@hyphenbox=\box75
\UL@skip=\skip58
\UL@hook=\toks44
\UL@height=\dimen290
\UL@pe=\count361
\UL@pixel=\dimen291
\ULC@box=\box76
Package: ulem 2019/11/18
\ULdepth=\dimen292
)
(C:\Users\CPE\AppData\Local\Programs\MiKTeX\tex/latex/tools\longtable.sty
Package: longtable 2021-09-01 v4.17 Multi-page Table package (DPC)
\LTleft=\skip59
\LTright=\skip60
\LTpre=\skip61
\LTpost=\skip62
\LTchunksize=\count362
\LTcapwidth=\dimen293
\LT@head=\box77
\LT@firsthead=\box78
\LT@foot=\box79
\LT@lastfoot=\box80
\LT@gbox=\box81
\LT@cols=\count363
\LT@rows=\count364
\c@LT@tables=\count365
\c@LT@chunks=\count366
\LT@p@ftn=\toks45
)
(C:\Users\CPE\AppData\Local\Programs\MiKTeX\tex/latex/caption\caption.sty
Package: caption 2022/03/01 v3.6b Customizing captions (AR)

(C:\Users\CPE\AppData\Local\Programs\MiKTeX\tex/latex/caption\caption3.sty
Package: caption3 2022/03/17 v2.3b caption3 kernel (AR)
\caption@tempdima=\dimen294
\captionmargin=\dimen295
\caption@leftmargin=\dimen296
\caption@rightmargin=\dimen297
\caption@width=\dimen298
\caption@indent=\dimen299
\caption@parindent=\dimen300
\caption@hangindent=\dimen301
Package caption Info: Unknown document class (or package),
(caption)             standard defaults will be used.
Package caption Info: \@makecaption = \long macro:#1#2->\vskip \abovecaptionski
p \sbox \@tempboxa {{\bf #1} #2}\ifdim \wd \@tempboxa >\hsize {\bf #1} #2\par \
else \global \@minipagefalse \hb@xt@ \hsize {\hfil \box \@tempboxa \hfil }\fi \
vskip \belowcaptionskip  on input line 1176.
)

Package caption Warning: Unknown document class (or package),
(caption)                standard defaults will be used.
See the caption package documentation for explanation.

\c@caption@flags=\count367
\c@continuedfloat=\count368
Package caption Info: hyperref package is loaded.
Package caption Info: longtable package is loaded.
(C:\Users\CPE\AppData\Local\Programs\MiKTeX\tex/latex/caption\ltcaption.sty
Package: ltcaption 2021/01/08 v1.4c longtable captions (AR)
))
(C:\Users\CPE\AppData\Local\Programs\MiKTeX\tex/latex/caption\subcaption.sty
Package: subcaption 2022/01/07 v1.5 Sub-captions (AR)
\c@subfigure=\count369
\c@subtable=\count370
)
(C:\Users\CPE\AppData\Local\Programs\MiKTeX\tex/latex/tools\hhline.sty
Package: hhline 2020/01/04 v2.04 Table rule package (DPC)
)
(C:\Users\CPE\AppData\Local\Programs\MiKTeX\tex/latex/forloop\forloop.sty
Package: forloop 2006/09/18 v3.0 For Loops for LaTeX

(C:\Users\CPE\AppData\Local\Programs\MiKTeX\tex/latex/base\ifthen.sty
Package: ifthen 2022/04/13 v1.1d Standard LaTeX ifthen package (DPC)
))
(C:\Users\CPE\AppData\Local\Programs\MiKTeX\tex/latex/polyglossia\gloss-thai.ld
f
File: gloss-thai.ldf polyglossia: module for Thai
The property list \polyglossia@langsetup contains the pairs (without outer
braces):
>  {latex/script}  =>  {latin}
>  {latex/lcscript}  =>  {latin}
>  {latex/scripttag}  =>  {}
>  {latex/language}  =>  {Latex}
>  {latex/langtag}  =>  {ENG}
>  {latex/bcp47}  =>  {}
>  {latex/hyphennames}  =>  {english}
>  {latex/direction}  =>  {LR}
>  {latex/hyphenmins}  =>  {2,3}
>  {latex/frenchspacing}  =>  {false}
>  {latex/indentfirst}  =>  {false}
>  {latex/fontsetup}  =>  {true}
>  {latex/envname}  =>  {latex}
>  {latex/babelname}  =>  {latex}
>  {latex/localnumeral}  =>  {polyglossia@C@localnumeral}
>  {latex/Localnumeral}  =>  {polyglossia@C@localnumeral}
>  {latex/DefineCommandsCmd}  =>  {use_none:n}
>  {thai/script}  =>  {Thai}
>  {thai/lcscript}  =>  {thai}
>  {thai/scripttag}  =>  {thai}
>  {thai/language}  =>  {Thai}
>  {thai/langtag}  =>  {THA}
>  {thai/bcp47}  =>  {th}
>  {thai/hyphennames}  =>  {nohyphenation}
>  {thai/direction}  =>  {LR}
>  {thai/hyphenmins}  =>  {2,3}
>  {thai/frenchspacing}  =>  {false}
>  {thai/indentfirst}  =>  {false}
>  {thai/fontsetup}  =>  {true}
>  {thai/envname}  =>  {thai}
>  {thai/babelname}  =>  {thai}
>  {thai/localnumeral}  =>  {thainumerals}
>  {thai/Localnumeral}  =>  {thainumerals}
>  {thai/DefineCommandsCmd}  =>  {xpg_define_language_commands:e}.
)
Package polyglossia Info: Default language is thai.

(C:\Users\CPE\AppData\Local\Programs\MiKTeX\tex/latex/polyglossia\gloss-english
.ldf
File: gloss-english.ldf polyglossia: module for English
The property list \polyglossia@langsetup contains the pairs (without outer
braces):
>  {latex/script}  =>  {latin}
>  {latex/lcscript}  =>  {latin}
>  {latex/scripttag}  =>  {}
>  {latex/language}  =>  {Latex}
>  {latex/langtag}  =>  {ENG}
>  {latex/bcp47}  =>  {}
>  {latex/hyphennames}  =>  {english}
>  {latex/direction}  =>  {LR}
>  {latex/hyphenmins}  =>  {2,3}
>  {latex/frenchspacing}  =>  {false}
>  {latex/indentfirst}  =>  {false}
>  {latex/fontsetup}  =>  {true}
>  {latex/envname}  =>  {latex}
>  {latex/babelname}  =>  {latex}
>  {latex/localnumeral}  =>  {polyglossia@C@localnumeral}
>  {latex/Localnumeral}  =>  {polyglossia@C@localnumeral}
>  {latex/DefineCommandsCmd}  =>  {use_none:n}
>  {thai/script}  =>  {Thai}
>  {thai/lcscript}  =>  {thai}
>  {thai/scripttag}  =>  {thai}
>  {thai/language}  =>  {Thai}
>  {thai/langtag}  =>  {THA}
>  {thai/bcp47}  =>  {th}
>  {thai/hyphennames}  =>  {nohyphenation}
>  {thai/direction}  =>  {LR}
>  {thai/hyphenmins}  =>  {2,3}
>  {thai/frenchspacing}  =>  {false}
>  {thai/indentfirst}  =>  {false}
>  {thai/fontsetup}  =>  {true}
>  {thai/envname}  =>  {thai}
>  {thai/babelname}  =>  {thai}
>  {thai/localnumeral}  =>  {thainumerals}
>  {thai/Localnumeral}  =>  {thainumerals}
>  {thai/DefineCommandsCmd}  =>  {xpg_define_language_commands:e}
>  {english/script}  =>  {latin}
>  {english/lcscript}  =>  {latin}
>  {english/scripttag}  =>  {}
>  {english/language}  =>  {English}
>  {english/langtag}  =>  {ENG}
>  {english/bcp47}  =>  {en-US}
>  {english/hyphennames}  =>  {english,american,usenglish,USenglish}
>  {english/direction}  =>  {LR}
>  {english/hyphenmins}  =>  {2,3}
>  {english/frenchspacing}  =>  {false}
>  {english/indentfirst}  =>  {false}
>  {english/fontsetup}  =>  {true}
>  {english/envname}  =>  {english}
>  {english/babelname}  =>  {english}
>  {english/localnumeral}  =>  {polyglossia@C@localnumeral}
>  {english/Localnumeral}  =>  {polyglossia@C@localnumeral}
>  {english/DefineCommandsCmd}  =>  {xpg_define_language_commands:e}.
Package polyglossia Info: Option: English, variant=american.
)

Package fontspec Warning: Font "TH Sarabun New" does not contain requested
(fontspec)                Script "Thai".


Package fontspec Info: Font family 'THSarabunNew(0)' created for font 'TH
(fontspec)             Sarabun New' with options [Script=Thai,Scale=1.23].
(fontspec)              
(fontspec)              This font family consists of the following NFSS
(fontspec)             series/shapes:
(fontspec)              
(fontspec)             - 'normal' (m/n) with NFSS spec.: <->s*[1.23]"TH
(fontspec)             Sarabun New/OT:script=latn;language=dflt;"
(fontspec)             - 'small caps'  (m/sc) with NFSS spec.: 
(fontspec)             - 'bold' (b/n) with NFSS spec.: <->s*[1.23]"TH Sarabun
(fontspec)             New/B/OT:script=latn;language=dflt;"
(fontspec)             - 'bold small caps'  (b/sc) with NFSS spec.: 
(fontspec)             - 'italic' (m/it) with NFSS spec.: <->s*[1.23]"TH
(fontspec)             Sarabun New/I/OT:script=latn;language=dflt;"
(fontspec)             - 'italic small caps'  (m/scit) with NFSS spec.: 
(fontspec)             - 'bold italic' (b/it) with NFSS spec.: <->s*[1.23]"TH
(fontspec)             Sarabun New/BI/OT:script=latn;language=dflt;"
(fontspec)             - 'bold italic small caps'  (b/scit) with NFSS spec.: 


Package fontspec Info: Font family 'THSarabunNew(1)' created for font 'TH
(fontspec)             Sarabun New' with options
(fontspec)             [Mapping=tex-text,Scale=1.23,LetterSpace=0.0,Ligatures=T
eX,Scale=1.23,LetterSpace=0,WordSpace=1.0,FakeStretch=1.0,Mapping=tex-text].
(fontspec)              
(fontspec)              This font family consists of the following NFSS
(fontspec)             series/shapes:
(fontspec)              
(fontspec)             - 'normal' (m/n) with NFSS spec.: <->s*[1.23]"TH
(fontspec)             Sarabun
(fontspec)             New/OT:script=latn;language=dflt;letterspace=0.0;letters
pace=0;extend=1.0;mapping=tex-text;"
(fontspec)             - 'small caps'  (m/sc) with NFSS spec.: 
(fontspec)             and font adjustment code:
(fontspec)             \fontdimen 2\font =1.0\fontdimen 2\font \fontdimen
(fontspec)             3\font =1.0\fontdimen 3\font \fontdimen 4\font
(fontspec)             =1.0\fontdimen 4\font 
(fontspec)             - 'bold' (b/n) with NFSS spec.: <->s*[1.23]"TH Sarabun
(fontspec)             New/B/OT:script=latn;language=dflt;letterspace=0.0;lette
rspace=0;extend=1.0;mapping=tex-text;"
(fontspec)             - 'bold small caps'  (b/sc) with NFSS spec.: 
(fontspec)             and font adjustment code:
(fontspec)             \fontdimen 2\font =1.0\fontdimen 2\font \fontdimen
(fontspec)             3\font =1.0\fontdimen 3\font \fontdimen 4\font
(fontspec)             =1.0\fontdimen 4\font 
(fontspec)             - 'italic' (m/it) with NFSS spec.: <->s*[1.23]"TH
(fontspec)             Sarabun
(fontspec)             New/I/OT:script=latn;language=dflt;letterspace=0.0;lette
rspace=0;extend=1.0;mapping=tex-text;"
(fontspec)             - 'italic small caps'  (m/scit) with NFSS spec.: 
(fontspec)             and font adjustment code:
(fontspec)             \fontdimen 2\font =1.0\fontdimen 2\font \fontdimen
(fontspec)             3\font =1.0\fontdimen 3\font \fontdimen 4\font
(fontspec)             =1.0\fontdimen 4\font 
(fontspec)             - 'bold italic' (b/it) with NFSS spec.: <->s*[1.23]"TH
(fontspec)             Sarabun
(fontspec)             New/BI/OT:script=latn;language=dflt;letterspace=0.0;lett
erspace=0;extend=1.0;mapping=tex-text;"
(fontspec)             - 'bold italic small caps'  (b/scit) with NFSS spec.: 
(fontspec)             and font adjustment code:
(fontspec)             \fontdimen 2\font =1.0\fontdimen 2\font \fontdimen
(fontspec)             3\font =1.0\fontdimen 3\font \fontdimen 4\font
(fontspec)             =1.0\fontdimen 4\font 

LaTeX Font Info:    Font shape `TU/THSarabunNew(1)/m/n' will be
(Font)              scaled to size 12.29996pt on input line 40.
\c@theorem=\count371
\c@lemma=\count372
\c@corollary=\count373
(C:\Users\CPE\AppData\Local\Programs\MiKTeX\tex/latex/ragged2e\ragged2e.sty
Package: ragged2e 2021/12/15 v3.1 ragged2e Package
\CenteringLeftskip=\skip63
\RaggedLeftLeftskip=\skip64
\RaggedRightLeftskip=\skip65
\CenteringRightskip=\skip66
\RaggedLeftRightskip=\skip67
\RaggedRightRightskip=\skip68
\CenteringParfillskip=\skip69
\RaggedLeftParfillskip=\skip70
\RaggedRightParfillskip=\skip71
\JustifyingParfillskip=\skip72
\CenteringParindent=\skip73
\RaggedLeftParindent=\skip74
\RaggedRightParindent=\skip75
\JustifyingParindent=\skip76
)
(undergrad-sample-thai.aux
LaTeX Font Info:    Font shape `TU/THSarabunNew(0)/m/n' will be
(Font)              scaled to size 12.29996pt on input line 16.
\thai@year=\count374


LaTeX Warning: Label `tbl:users' multiply defined.


LaTeX Warning: Label `tbl:app_test' multiply defined.

)
\openout1 = `undergrad-sample-thai.aux'.

LaTeX Font Info:    Checking defaults for OML/cmm/m/it on input line 141.
LaTeX Font Info:    ... okay on input line 141.
LaTeX Font Info:    Checking defaults for OMS/cmsy/m/n on input line 141.
LaTeX Font Info:    ... okay on input line 141.
LaTeX Font Info:    Checking defaults for OT1/cmr/m/n on input line 141.
LaTeX Font Info:    ... okay on input line 141.
LaTeX Font Info:    Checking defaults for T1/cmr/m/n on input line 141.
LaTeX Font Info:    ... okay on input line 141.
LaTeX Font Info:    Checking defaults for TS1/cmr/m/n on input line 141.
LaTeX Font Info:    Trying to load font information for TS1+cmr on input line 1
41.
 (C:\Users\CPE\AppData\Local\Programs\MiKTeX\tex/latex/base\ts1cmr.fd
File: ts1cmr.fd 2019/12/16 v2.5j Standard LaTeX font definitions
)
LaTeX Font Info:    ... okay on input line 141.
LaTeX Font Info:    Checking defaults for TU/lmr/m/n on input line 141.
LaTeX Font Info:    ... okay on input line 141.
LaTeX Font Info:    Checking defaults for OMX/cmex/m/n on input line 141.
LaTeX Font Info:    ... okay on input line 141.
LaTeX Font Info:    Checking defaults for U/cmr/m/n on input line 141.
LaTeX Font Info:    ... okay on input line 141.
LaTeX Font Info:    Checking defaults for T3/cmr/m/n on input line 141.
LaTeX Font Info:    Trying to load font information for T3+cmr on input line 14
1.

(C:\Users\CPE\AppData\Local\Programs\MiKTeX\tex/latex/tipa\t3cmr.fd
File: t3cmr.fd 2001/12/31 TIPA font definitions
)
LaTeX Font Info:    ... okay on input line 141.
LaTeX Font Info:    Checking defaults for PD1/pdf/m/n on input line 141.
LaTeX Font Info:    ... okay on input line 141.
LaTeX Font Info:    Checking defaults for PU/pdf/m/n on input line 141.
LaTeX Font Info:    ... okay on input line 141.

*geometry* driver: auto-detecting
*geometry* detected driver: xetex
*geometry* verbose mode - [ preamble ] result:
* driver: xetex
* paper: a4paper
* layout: <same size as paper>
* layoutoffset:(h,v)=(0.0pt,0.0pt)
* modes: 
* h-part:(L,W,R)=(113.81102pt, 426.79135pt, 56.9055pt)
* v-part:(T,H,B)=(85.35826pt, 702.78308pt, 56.9055pt)
* \paperwidth=597.50787pt
* \paperheight=845.04684pt
* \textwidth=433.62pt
* \textheight=712.49861pt
* \oddsidemargin=36.135pt
* \evensidemargin=41.54103pt
* \topmargin=-22.76228pt
* \headheight=12.0pt
* \headsep=25.0pt
* \topskip=10.0pt
* \footskip=30.0pt
* \marginparwidth=65.0pt
* \marginparsep=11.0pt
* \columnsep=10.0pt
* \skip\footins=9.0pt plus 4.0pt minus 2.0pt
* \hoffset=0.0pt
* \voffset=0.0pt
* \mag=1000
* \@twocolumnfalse
* \@twosidefalse
* \@mparswitchfalse
* \@reversemarginfalse
* (1in=72.27pt=25.4mm, 1cm=28.453pt)

Package hyperref Info: Link coloring ON on input line 141.
(undergrad-sample-thai.out) (undergrad-sample-thai.out)
\@outlinefile=\write4
\openout4 = `undergrad-sample-thai.out'.

The property list \__xpg_alias contains the pairs (without outer braces):
>  {latex/target}  =>  {latex}
>  {thai/target}  =>  {thai}
>  {th/target}  =>  {thai}
>  {english/target}  =>  {english}
>  {en/target}  =>  {english}
>  {en-AU/target}  =>  {english}
>  {en-AU/variant}  =>  {australian}
>  {en-AU/options}  =>  {variant=australian}
>  {en-CA/target}  =>  {english}
>  {en-CA/variant}  =>  {canadian}
>  {en-CA/options}  =>  {variant=canadian}
>  {en-GB/target}  =>  {english}
>  {en-GB/variant}  =>  {british}
>  {en-GB/options}  =>  {variant=british}
>  {en-NZ/target}  =>  {english}
>  {en-NZ/variant}  =>  {newzealand}
>  {en-NZ/options}  =>  {variant=newzealand}
>  {en-US/target}  =>  {english}
>  {en-US/variant}  =>  {us}
>  {en-US/options}  =>  {variant=us}
>  {american/target}  =>  {english}
>  {american/variant}  =>  {us}
>  {american/options}  =>  {variant=us}
>  {australian/target}  =>  {english}
>  {australian/variant}  =>  {australian}
>  {australian/options}  =>  {variant=australian}
>  {british/target}  =>  {english}
>  {british/variant}  =>  {british}
>  {british/options}  =>  {variant=british}
>  {canadian/target}  =>  {english}
>  {canadian/variant}  =>  {canadian}
>  {canadian/options}  =>  {variant=canadian}
>  {newzealand/target}  =>  {english}
>  {newzealand/variant}  =>  {newzealand}
>  {newzealand/options}  =>  {variant=newzealand}.
Package caption Info: Begin \AtBeginDocument code.
Package caption Info: End \AtBeginDocument code.
\thai@year=\count375
File: logo02.jpg Graphic file (type bmp)
<logo02.jpg>
 [1


]
LaTeX Font Info:    Trying to load font information for U+msa on input line 153
.

(C:\Users\CPE\AppData\Local\Programs\MiKTeX\tex/latex/amsfonts\umsa.fd
File: umsa.fd 2013/01/14 v3.01 AMS symbols A
)
LaTeX Font Info:    Trying to load font information for U+msb on input line 153
.

(C:\Users\CPE\AppData\Local\Programs\MiKTeX\tex/latex/amsfonts\umsb.fd
File: umsb.fd 2013/01/14 v3.01 AMS symbols B
)
LaTeX Font Info:    Trying to load font information for U+lasy on input line 15
3.

(C:\Users\CPE\AppData\Local\Programs\MiKTeX\tex/latex/base\ulasy.fd
File: ulasy.fd 1998/08/17 v2.2e LaTeX symbol font definitions
)
Underfull \hbox (badness 10000) in alignment at lines 153--153
[] [] 
 []

[2]

Package hyperref Warning: bookmark level for unknown chapterx defaults to 0.

LaTeX Font Info:    Font shape `TU/THSarabunNew(0)/b/n' will be
(Font)              scaled to size 12.29996pt on input line 158.

Underfull \hbox (badness 10000) in alignment at lines 177--179
[][] 
 []

[2]
\thai@year=\count376
LaTeX Info: Redefining \rmfamily on input line 189.
LaTeX Info: Redefining \sffamily on input line 189.
LaTeX Info: Redefining \ttfamily on input line 189.
\thai@year=\count377
LaTeX Info: Redefining \rmfamily on input line 189.
LaTeX Info: Redefining \sffamily on input line 189.
LaTeX Info: Redefining \ttfamily on input line 189.
\thai@year=\count378
LaTeX Info: Redefining \rmfamily on input line 189.
LaTeX Info: Redefining \sffamily on input line 189.
LaTeX Info: Redefining \ttfamily on input line 189.
\thai@year=\count379
LaTeX Info: Redefining \rmfamily on input line 189.
LaTeX Info: Redefining \sffamily on input line 189.
LaTeX Info: Redefining \ttfamily on input line 189.
\thai@year=\count380
LaTeX Info: Redefining \rmfamily on input line 189.
LaTeX Info: Redefining \sffamily on input line 189.
LaTeX Info: Redefining \ttfamily on input line 189.
\thai@year=\count381
LaTeX Info: Redefining \rmfamily on input line 189.
LaTeX Info: Redefining \sffamily on input line 189.
LaTeX Info: Redefining \ttfamily on input line 189.
\thai@year=\count382
LaTeX Info: Redefining \rmfamily on input line 189.
LaTeX Info: Redefining \sffamily on input line 189.
LaTeX Info: Redefining \ttfamily on input line 189.
\thai@year=\count383
LaTeX Info: Redefining \rmfamily on input line 189.
LaTeX Info: Redefining \sffamily on input line 189.
LaTeX Info: Redefining \ttfamily on input line 189.
\thai@year=\count384
LaTeX Info: Redefining \rmfamily on input line 189.
LaTeX Info: Redefining \sffamily on input line 189.
LaTeX Info: Redefining \ttfamily on input line 189.
\thai@year=\count385
LaTeX Info: Redefining \rmfamily on input line 189.
LaTeX Info: Redefining \sffamily on input line 189.
LaTeX Info: Redefining \ttfamily on input line 189.
\thai@year=\count386
LaTeX Info: Redefining \rmfamily on input line 189.
LaTeX Info: Redefining \sffamily on input line 189.
LaTeX Info: Redefining \ttfamily on input line 189.
\thai@year=\count387
LaTeX Info: Redefining \rmfamily on input line 189.
LaTeX Info: Redefining \sffamily on input line 189.
LaTeX Info: Redefining \ttfamily on input line 189.

Underfull \hbox (badness 1122) in paragraph at lines 191--197
[] \TU/THSarabunNew(0)/m/n/10   
 
 []


Underfull \hbox (badness 2726) in paragraph at lines 191--197
\TU/THSarabunNew(0)/m/n/10  
  
 []


Underfull \hbox (badness 10000) in paragraph at lines 191--197
\TU/THSarabunNew(0)/m/n/10 

 []


Underfull \hbox (badness 1092) in paragraph at lines 198--206
\TU/THSarabunNew(0)/m/n/10  

 []


Underfull \hbox (badness 10000) in alignment at lines 208--212
[][] 
 []

[3]
LaTeX Font Info:    Font shape `TU/THSarabunNew(0)/m/n' will be
(Font)              scaled to size 14.75995pt on input line 221.
LaTeX Font Info:    Font shape `TU/THSarabunNew(0)/b/n' will be
(Font)              scaled to size 14.75995pt on input line 221.
 [4

] (undergrad-sample-thai.toc
\thai@year=\count388
 [5

] [6])
\tf@toc=\write5
\openout5 = `undergrad-sample-thai.toc'.

 [7] (undergrad-sample-thai.lot
[8

])
\tf@lot=\write6
\openout6 = `undergrad-sample-thai.lot'.

 [9] (undergrad-sample-thai.lof [10

] [11])
\tf@lof=\write7
\openout7 = `undergrad-sample-thai.lof'.

 [12]
 1.

Package hyperref Warning: Token not allowed in a PDF string (Unicode):
(hyperref)                \kern -9.84pt
(hyperref)                removed on input line 272.

LaTeX Font Info:    Font shape `TU/THSarabunNew(0)/m/n' will be
(Font)              scaled to size 17.71193pt on input line 272.
LaTeX Font Info:    Font shape `TU/THSarabunNew(0)/b/n' will be
(Font)              scaled to size 17.71193pt on input line 272.

Underfull \hbox (badness 1122) in paragraph at lines 274--280
[] \TU/THSarabunNew(0)/m/n/10   
 
 []


Underfull \hbox (badness 4660) in paragraph at lines 274--280
\TU/THSarabunNew(0)/m/n/10  

 []


Underfull \hbox (badness 1616) in paragraph at lines 281--287
[] \TU/THSarabunNew(0)/m/n/10 
  
 []


Underfull \hbox (badness 5622) in paragraph at lines 281--287
\TU/THSarabunNew(0)/m/n/10 
 [[]] 
 []


Underfull \hbox (badness 4608) in paragraph at lines 288--291
[] \TU/THSarabunNew(0)/m/n/10 
 
 []


Underfull \hbox (badness 6542) in paragraph at lines 288--291
\TU/THSarabunNew(0)/m/n/10  
 
 []


Underfull \hbox (badness 10000) in paragraph at lines 315--318
[] \TU/THSarabunNew(0)/m/n/10 
 
 []


Underfull \hbox (badness 1701) in paragraph at lines 315--318
\TU/THSarabunNew(0)/m/n/10  
  
 []

[1

]
LaTeX Font Info:    Font shape `TU/THSarabunNew(0)/b/n' will be
(Font)              scaled to size 13.52995pt on input line 320.
LaTeX Font Info:    Font shape `TU/THSarabunNew(0)/m/n' will be
(Font)              scaled to size 11.06996pt on input line 379.

Missing character: There is no , in font nullfont!

Overfull \hbox (36.90765pt too wide) in paragraph at lines 398--399
[][] 
 []

[2]
Missing character: There is no , in font nullfont!
[3] [4]
 2.

Package hyperref Warning: Token not allowed in a PDF string (Unicode):
(hyperref)                \kern -9.84pt
(hyperref)                removed on input line 479.


Underfull \hbox (badness 10000) in paragraph at lines 513--516
[] \TU/THSarabunNew(0)/m/n/10  
 
 []


Underfull \hbox (badness 1789) in paragraph at lines 517--521
[] \TU/THSarabunNew(0)/m/n/10 
  (Vocabulary)
 []


Underfull \hbox (badness 10000) in paragraph at lines 522--526
\TU/THSarabunNew(0)/m/n/10 
 
 []


Underfull \hbox (badness 10000) in paragraph at lines 522--526
\TU/THSarabunNew(0)/m/n/10 
 (
 []

File: ./img/word.png Graphic file (type bmp)
<./img/word.png>

Underfull \hbox (badness 5316) in paragraph at lines 532--534
[]  \TU/THSarabunNew(0)/m/n/10  
 
 []

[5

]
File: ./img/tree.png Graphic file (type bmp)
<./img/tree.png>
 [6]
Underfull \hbox (badness 7326) in paragraph at lines 572--574
[]\TU/THSarabunNew(0)/m/n/10 
  
 []

File: ./img/knn.png Graphic file (type bmp)
<./img/knn.png>
File: ./img/nn.png Graphic file (type bmp)
<./img/nn.png>
[7]
Underfull \hbox (badness 1354) in paragraph at lines 622--624
[]\TU/THSarabunNew(0)/m/n/10 Unsupervised Learning 
  Neural Network 
 []

[8]
Underfull \hbox (badness 7649) in paragraph at lines 639--641
\TU/THSarabunNew(0)/m/n/10  
 (Convergence) 
 []

File: ./img/rest.png Graphic file (type bmp)
<./img/rest.png>

Underfull \hbox (badness 1248) in paragraph at lines 651--654
[] \TU/THSarabunNew(0)/m/n/10  RESTful API 
  API 
 []


Underfull \hbox (badness 1097) in paragraph at lines 658--659
[]\TU/THSarabunNew(0)/m/n/10  
 
 []

[9]
Overfull \hbox (0.49768pt too wide) in paragraph at lines 676--683
[] \TU/THSarabunNew(0)/m/n/10 
 
 []


Underfull \hbox (badness 4713) in paragraph at lines 688--692
[] \TU/THSarabunNew(0)/m/n/10  
 
 []

File: ./img/text_feature.png Graphic file (type bmp)
<./img/text_feature.png>
File: ./img/vector.png Graphic file (type bmp)
<./img/vector.png>
File: ./img/aws.png Graphic file (type bmp)
<./img/aws.png>

Underfull \hbox (badness 2626) in paragraph at lines 713--716
\TU/THSarabunNew(0)/m/n/10  
 
 []

[10] [11]
Overfull \hbox (8.94658pt too wide) in paragraph at lines 782--785
\TU/THSarabunNew(0)/m/n/10  
  
 []


Overfull \hbox (0.37357pt too wide) in paragraph at lines 782--785
\TU/THSarabunNew(0)/m/n/10  
 
 []

[12]
Underfull \hbox (badness 10000) in paragraph at lines 787--789
[] \TU/THSarabunNew(0)/m/n/10 
 (ML) 
 []

[13]
Underfull \hbox (badness 6910) in paragraph at lines 864--866
[] \TU/THSarabunNew(0)/m/n/10 
  
 []

[14]
Underfull \hbox (badness 1242) in paragraph at lines 914--915
[]\TU/THSarabunNew(0)/m/n/10  Range  
 Window Statistics  Window Linear
 []


Overfull \hbox (8.17935pt too wide) in paragraph at lines 941--944
[] \TU/THSarabunNew(0)/m/n/10  Library  Machine Learning 
  Predictive
 []


Underfull \hbox (badness 1584) in paragraph at lines 958--960
[] \TU/THSarabunNew(0)/m/n/10  Library  Web scraping 
  
 []

[15]
Underfull \hbox (badness 1072) in paragraph at lines 965--968
[] \TU/THSarabunNew(0)/m/n/10  Cloud  Google 

 []


Underfull \hbox (badness 4846) in paragraph at lines 995--998
\TU/THSarabunNew(0)/m/n/10 a Service) 
 
 []


Underfull \hbox (badness 1189) in paragraph at lines 1003--1008
\TU/THSarabunNew(0)/m/n/10   
  ClickUp 
 []


Underfull \hbox (badness 4378) in paragraph at lines 1011--1014
[] \TU/THSarabunNew(0)/m/n/10 
 
 []

[16] [17]
 3.

Package hyperref Warning: Token not allowed in a PDF string (Unicode):
(hyperref)                \kern -9.84pt
(hyperref)                removed on input line 1056.

File: ./img/architechture_simple.png Graphic file (type bmp)
<./img/architechture_simple.png>
File: ./img/architechture.png Graphic file (type bmp)
<./img/architechture.png>
[18

]
Underfull \hbox (badness 1127) in paragraph at lines 1106--1109
\TU/THSarabunNew(0)/m/n/10 Cloud Pub/Sub 
 
 []

File: ./img/topic.png Graphic file (type bmp)
<./img/topic.png>
[19]
File: ./img/monitor.png Graphic file (type bmp)
<./img/monitor.png>
 [20]
File: ./img/request_process_flow.png Graphic file (type bmp)
<./img/request_process_flow.png>
 [21]
File: ./img/devops.png Graphic file (type bmp)
<./img/devops.png>
File: ./img/ai_update.png Graphic file (type bmp)
<./img/ai_update.png>
 [22]
File: ./img/nav.png Graphic file (type bmp)
<./img/nav.png>
File: ./img/nav_admin.png Graphic file (type bmp)
<./img/nav_admin.png>

Underfull \hbox (badness 1005) in paragraph at lines 1163--1174
\TU/THSarabunNew(0)/m/n/10   
 2  
 []

File: ./img/data_proc.png Graphic file (type bmp)
<./img/data_proc.png>
[23]
Overfull \hbox (8.14714pt too wide) in paragraph at lines 1190--1192
[]\TU/THSarabunNew(0)/m/n/10 Tokenization   

 []

[24]
File: ./img/usecase.png Graphic file (type bmp)
<./img/usecase.png>
File: ./img/seq_regis.png Graphic file (type bmp)
<./img/seq_regis.png>
 [25] [26]
Underfull \hbox (badness 10000) in paragraph at lines 1267--1275

 []

[27]
File: ./img/seq_login.png Graphic file (type bmp)
<./img/seq_login.png>
 [28]
Underfull \hbox (badness 10000) in paragraph at lines 1306--1312

 []

[29]
File: ./img/seq_profile.png Graphic file (type bmp)
<./img/seq_profile.png>
 [30] [31]
File: ./img/seq_weblink.png Graphic file (type bmp)
<./img/seq_weblink.png>
 [32] [33]
File: ./img/seq_content.png Graphic file (type bmp)
<./img/seq_content.png>
 [34] [35]
File: ./img/seq_linkapi.png Graphic file (type bmp)
<./img/seq_linkapi.png>
 [36] [37]
File: ./img/seq_contapi.png Graphic file (type bmp)
<./img/seq_contapi.png>
 [38]
Underfull \hbox (badness 10000) in paragraph at lines 1484--1490

 []

[39]
File: ./img/seq_request.png Graphic file (type bmp)
<./img/seq_request.png>
 [40]
Underfull \hbox (badness 10000) in paragraph at lines 1517--1523

 []

[41]
File: ./img/seq_filter.png Graphic file (type bmp)
<./img/seq_filter.png>
 [42]
File: ./img/seq_searchid.png Graphic file (type bmp)
<./img/seq_searchid.png>
 [43]
File: ./img/database.png Graphic file (type bmp)
<./img/database.png>

Overfull \hbox (1.3337pt too wide) in paragraph at lines 1593--1593
[]|\TU/THSarabunNew(0)/b/n/10 Key| 
 []


Overfull \hbox (0.28532pt too wide) in alignment at lines 1590--1594
 [] [] [] [] [] [] 
 []


Underfull \hbox (badness 10000) in paragraph at lines 1596--1596
[]|\TU/THSarabunNew(0)/m/n/10 
 []


Underfull \hbox (badness 10000) in paragraph at lines 1597--1597
[]|\TU/THSarabunNew(0)/m/n/10 
 []


Underfull \hbox (badness 10000) in paragraph at lines 1597--1597
\TU/THSarabunNew(0)/m/n/10  Argon2
 []


Underfull \hbox (badness 10000) in paragraph at lines 1597--1597
[]|\TU/THSarabunNew(0)/m/n/10 $argon2d$v=19$m=12,
 []


Underfull \hbox (badness 10000) in paragraph at lines 1597--1597
\TU/THSarabunNew(0)/m/n/10 t=3,p=1$MGtvM3Rzc2R
 []


Overfull \hbox (3.64513pt too wide) in paragraph at lines 1597--1597
\TU/THSarabunNew(0)/m/n/10 6bWpjMDAwMA$09LkH+
 []


Overfull \hbox (3.35164pt too wide) in paragraph at lines 1601--1601
[]|[]| 
 []


Overfull \hbox (1.53021pt too wide) in paragraph at lines 1602--1602
[]|\TU/THSarabunNew(0)/m/n/10 varchar(255)| 
 []


Underfull \hbox (badness 10000) in paragraph at lines 1602--1602
[]|\TU/THSarabunNew(0)/m/n/10 
 []


Overfull \hbox (7.03992pt too wide) in paragraph at lines 1602--1602
\TU/THSarabunNew(0)/m/n/10 629280e686cf0c3f5d5a86
 []


Overfull \hbox (5.6869pt too wide) in paragraph at lines 1602--1602
\TU/THSarabunNew(0)/m/n/10 aff3ca12020c923adc6c92| 
 []


Underfull \hbox (badness 10000) in paragraph at lines 1604--1604
[]|\TU/THSarabunNew(0)/m/n/10 www.abc.com/
 []


Overfull \hbox (5.1341pt too wide) in paragraph at lines 1605--1605
[]|\TU/THSarabunNew(0)/m/n/10 webhook_url| 
 []


Underfull \hbox (badness 10000) in paragraph at lines 1605--1606
[]|\TU/THSarabunNew(0)/m/n/10 www.efg.com/content/
 []


Overfull \hbox (0.28532pt too wide) in alignment at lines 1594--1607
 [] [] [] [] [] [] 
 []

[44]
Overfull \hbox (1.3337pt too wide) in paragraph at lines 1612--1612
[]|\TU/THSarabunNew(0)/b/n/10 Key| 
 []


Overfull \hbox (3.1787pt too wide) in paragraph at lines 1612--1612
[]|\TU/THSarabunNew(0)/b/n/10 Null| 
 []


Underfull \hbox (badness 10000) in paragraph at lines 1621--1621
[]|\TU/THSarabunNew(0)/m/n/10 Enum(Open,
 []


Overfull \hbox (1.3337pt too wide) in paragraph at lines 1628--1628
[]|\TU/THSarabunNew(0)/b/n/10 Key| 
 []


Overfull \hbox (3.1787pt too wide) in paragraph at lines 1628--1628
[]|\TU/THSarabunNew(0)/b/n/10 Null| 
 []


Overfull \hbox (0.29192pt too wide) in alignment at lines 1625--1629
 [] [] [] [] [] [] 
 []


Overfull \hbox (0.29192pt too wide) in alignment at lines 1629--1631
 [] [] [] [] [] [] 
 []


Underfull \hbox (badness 10000) in paragraph at lines 1633--1633
[]|\TU/THSarabunNew(0)/m/n/10 
 []


Overfull \hbox (1.53021pt too wide) in paragraph at lines 1634--1634
[]|\TU/THSarabunNew(0)/m/n/10 varchar(255)| 
 []


Underfull \hbox (badness 10000) in paragraph at lines 1634--1634
[]|\TU/THSarabunNew(0)/m/n/10 https://www.sanook.com/money/
 []


Overfull \hbox (1.53021pt too wide) in paragraph at lines 1635--1635
[]|\TU/THSarabunNew(0)/m/n/10 varchar(255)| 
 []


Underfull \hbox (badness 10000) in paragraph at lines 1636--1636
\TU/THSarabunNew(0)/m/n/10  2022
 []


Underfull \hbox (badness 1062) in paragraph at lines 1636--1636
\TU/THSarabunNew(0)/m/n/10 Soft Power 
 []


Underfull \hbox (badness 5133) in paragraph at lines 1636--1636
\TU/THSarabunNew(0)/m/n/10   
 []


Underfull \hbox (badness 10000) in paragraph at lines 1637--1637
[]|\TU/THSarabunNew(0)/m/n/10 
 []


Overfull \hbox (0.29192pt too wide) in alignment at lines 1631--1639
 [] [] [] [] [] [] 
 []


Overfull \hbox (1.3337pt too wide) in paragraph at lines 1644--1644
[]|\TU/THSarabunNew(0)/b/n/10 Key| 
 []


Overfull \hbox (3.1787pt too wide) in paragraph at lines 1644--1644
[]|\TU/THSarabunNew(0)/b/n/10 Null| 
 []

[45]
Overfull \hbox (1.3337pt too wide) in paragraph at lines 1657--1657
[]|\TU/THSarabunNew(0)/b/n/10 Key| 
 []


Overfull \hbox (3.1787pt too wide) in paragraph at lines 1657--1657
[]|\TU/THSarabunNew(0)/b/n/10 Null| 
 []

File: ./img/color.png Graphic file (type bmp)
<./img/color.png>
[46]
File: ./img/project_ui/landing_page1.png Graphic file (type bmp)
<./img/project_ui/landing_page1.png>
File: ./img/project_ui/landing_page2.png Graphic file (type bmp)
<./img/project_ui/landing_page2.png>
 [47]
Underfull \hbox (badness 1496) in paragraph at lines 1701--1702
[]\TU/THSarabunNew(0)/m/n/10  
  
 []

File: ./img/project_ui/overall.png Graphic file (type bmp)
<./img/project_ui/overall.png>
File: ./img/project_ui/method.png Graphic file (type bmp)
<./img/project_ui/method.png>
File: ./img/project_ui/feature.png Graphic file (type bmp)
<./img/project_ui/feature.png>
[48]
File: ./img/project_ui/login.png Graphic file (type bmp)
<./img/project_ui/login.png>
File: ./img/project_ui/login_fail.png Graphic file (type bmp)
<./img/project_ui/login_fail.png>
 [49]
File: ./img/project_ui/4.png Graphic file (type bmp)
<./img/project_ui/4.png>

Overfull \hbox (21.62408pt too wide) in paragraph at lines 1746--1747
 [][] 
 []

File: ./img/project_ui/wrong_email.png Graphic file (type bmp)
<./img/project_ui/wrong_email.png>
[50]
File: ./img/project_ui/5.png Graphic file (type bmp)
<./img/project_ui/5.png>
File: ./img/project_ui/password.png Graphic file (type bmp)
<./img/project_ui/password.png>
File: ./img/project_ui/6.png Graphic file (type bmp)
<./img/project_ui/6.png>
 [51]
File: ./img/project_ui/thaionly.png Graphic file (type bmp)
<./img/project_ui/thaionly.png>
File: ./img/project_ui/7.png Graphic file (type bmp)
<./img/project_ui/7.png>

Overfull \hbox (21.62408pt too wide) in paragraph at lines 1779--1780
 [][] 
 []

File: ./img/project_ui/all_inform.png Graphic file (type bmp)
<./img/project_ui/all_inform.png>

Underfull \hbox (badness 1721) in paragraph at lines 1771--1788
| \TU/THSarabunNew(0)/m/n/10  
    AI
 []

[52]
File: ./img/project_ui/regis_ready.png Graphic file (type bmp)
<./img/project_ui/regis_ready.png>
File: ./img/project_ui/homepage2.png Graphic file (type bmp)
<./img/project_ui/homepage2.png>
 [53]
Overfull \hbox (2.56667pt too wide) in paragraph at lines 1805--1806
[]\TU/THSarabunNew(0)/m/n/10 Tag   
 AI Platform
 []

File: ./img/project_ui/homepage3.png Graphic file (type bmp)
<./img/project_ui/homepage3.png>
File: ./img/project_ui/other_new.png Graphic file (type bmp)
<./img/project_ui/other_new.png>
[54]
File: ./img/project_ui/weblink_1.png Graphic file (type bmp)
<./img/project_ui/weblink_1.png>

Overfull \hbox (21.62408pt too wide) in paragraph at lines 1829--1830
 [][] 
 []

File: ./img/project_ui/linkfail.png Graphic file (type bmp)
<./img/project_ui/linkfail.png>
[55]
File: ./img/project_ui/content.png Graphic file (type bmp)
<./img/project_ui/content.png>

Overfull \hbox (21.62408pt too wide) in paragraph at lines 1845--1846
 [][] 
 []


Underfull \hbox (badness 6493) in paragraph at lines 1853--1854
[]\TU/THSarabunNew(0)/m/n/10 
 
 []

File: ./img/project_ui/all_inform.png Graphic file (type bmp)
<./img/project_ui/all_inform.png>

Underfull \hbox (badness 10000) in paragraph at lines 1859--1859
| \TU/THSarabunNew(0)/m/n/10  

 []

[56]
File: ./img/project_ui/ticket.png Graphic file (type bmp)
<./img/project_ui/ticket.png>

Overfull \hbox (21.62408pt too wide) in paragraph at lines 1863--1864
 [][] 
 []

[57]
File: ./img/project_ui/12.png Graphic file (type bmp)
<./img/project_ui/12.png>

Underfull \hbox (badness 3291) in paragraph at lines 1883--1885
[]| \TU/THSarabunNew(0)/m/n/10  
  
 []

File: ./img/class_dia.png Graphic file (type bmp)
<./img/class_dia.png>
[58] [59]
 4.

Package hyperref Warning: Token not allowed in a PDF string (Unicode):
(hyperref)                \kern -9.84pt
(hyperref)                removed on input line 1932.

File: ./img/data_col_thai.png Graphic file (type bmp)
<./img/data_col_thai.png>
File: ./img/data_col_eng.png Graphic file (type bmp)
<./img/data_col_eng.png>
[60

]
File: ./img/news_th.png Graphic file (type bmp)
<./img/news_th.png>
 [61]
File: ./img/news_eng.png Graphic file (type bmp)
<./img/news_eng.png>

Overfull \hbox (1.21103pt too wide) in paragraph at lines 2004--2007
[] \TU/THSarabunNew(0)/m/n/10  
2  
 []


Overfull \hbox (2.30284pt too wide) in paragraph at lines 2044--2047
\TU/THSarabunNew(0)/m/n/10   
 Stop word 
 []


Underfull \hbox (badness 5652) in paragraph at lines 2044--2047
\TU/THSarabunNew(0)/m/n/10  
  
 []

[62]
File: ./img/new_th_train.png Graphic file (type bmp)
<./img/new_th_train.png>
File: ./img/news_eng_train.png Graphic file (type bmp)
<./img/news_eng_train.png>
File: ./img/thai_stat/hist_all_word.png Graphic file (type bmp)
<./img/thai_stat/hist_all_word.png>
 [63]
Underfull \hbox (badness 1715) in paragraph at lines 2075--2079
[] \TU/THSarabunNew(0)/m/n/10 
  Outlier
 []

File: ./img/thai_stat/boxplot_all.png Graphic file (type bmp)
<./img/thai_stat/boxplot_all.png>

Underfull \hbox (badness 10000) in paragraph at lines 2098--2103
\TU/THSarabunNew(0)/m/n/10 
 
 []


Underfull \hbox (badness 4156) in paragraph at lines 2098--2103
\TU/THSarabunNew(0)/m/n/10  
 
 []

[64]
File: ./img/thai_stat/crime_bar.png Graphic file (type bmp)
<./img/thai_stat/crime_bar.png>
File: ./img/thai_stat/sport_bar.png Graphic file (type bmp)
<./img/thai_stat/sport_bar.png>
File: ./img/thai_stat/polit_bar.png Graphic file (type bmp)
<./img/thai_stat/polit_bar.png>
 [65]
File: ./img/thai_stat/money_bar.png Graphic file (type bmp)
<./img/thai_stat/money_bar.png>
File: ./img/thai_stat/ent_bar.png Graphic file (type bmp)
<./img/thai_stat/ent_bar.png>
File: ./img/thai_stat/tech_bar.png Graphic file (type bmp)
<./img/thai_stat/tech_bar.png>
File: ./img/thai_stat/crime_wc.png Graphic file (type bmp)
<./img/thai_stat/crime_wc.png>
LaTeX Font Info:    Font shape `TU/THSarabunNew(0)/b/n' will be
(Font)              scaled to size 11.06996pt on input line 2135.
File: ./img/thai_stat/sport_wc.png Graphic file (type bmp)
<./img/thai_stat/sport_wc.png>
File: ./img/thai_stat/polit_wc.png Graphic file (type bmp)
<./img/thai_stat/polit_wc.png>
File: ./img/thai_stat/money_wc.png Graphic file (type bmp)
<./img/thai_stat/money_wc.png>
File: ./img/thai_stat/ent_wc.png Graphic file (type bmp)
<./img/thai_stat/ent_wc.png>
File: ./img/thai_stat/tech_wc.png Graphic file (type bmp)
<./img/thai_stat/tech_wc.png>

Underfull \hbox (badness 1112) in paragraph at lines 2167--2168
[] \TU/THSarabunNew(0)/m/n/10  [][]4.15[][] 
 100  
 []

[66] [67]
File: ./img/eng_stat/hist_all_word.png Graphic file (type bmp)
<./img/eng_stat/hist_all_word.png>
File: ./img/eng_stat/boxplot_tag.png Graphic file (type bmp)
<./img/eng_stat/boxplot_tag.png>
 [68]
Overfull \hbox (2.10898pt too wide) in paragraph at lines 2209--2214
[] \TU/THSarabunNew(0)/m/n/10 
  6 
 []


Underfull \hbox (badness 2564) in paragraph at lines 2209--2214
\TU/THSarabunNew(0)/m/n/10 
 
 []

File: ./img/eng_stat/crime_bar.png Graphic file (type bmp)
<./img/eng_stat/crime_bar.png>
[69]
File: ./img/eng_stat/sport_bar.png Graphic file (type bmp)
<./img/eng_stat/sport_bar.png>
File: ./img/eng_stat/polit_bar.png Graphic file (type bmp)
<./img/eng_stat/polit_bar.png>
File: ./img/eng_stat/bus_bar.png Graphic file (type bmp)
<./img/eng_stat/bus_bar.png>
 [70]
File: ./img/eng_stat/ent_bar.png Graphic file (type bmp)
<./img/eng_stat/ent_bar.png>
File: ./img/eng_stat/tech_bar.png Graphic file (type bmp)
<./img/eng_stat/tech_bar.png>
 [71]
File: ./img/eng_stat/crime_wc.png Graphic file (type bmp)
<./img/eng_stat/crime_wc.png>
File: ./img/eng_stat/sport_wc.png Graphic file (type bmp)
<./img/eng_stat/sport_wc.png>
File: ./img/eng_stat/polit_wc.png Graphic file (type bmp)
<./img/eng_stat/polit_wc.png>
File: ./img/eng_stat/bus_wc.png Graphic file (type bmp)
<./img/eng_stat/bus_wc.png>
File: ./img/eng_stat/ent_wc.png Graphic file (type bmp)
<./img/eng_stat/ent_wc.png>
File: ./img/eng_stat/tech_wc.png Graphic file (type bmp)
<./img/eng_stat/tech_wc.png>
 [72]
File: ./img/tfidf_vector.png Graphic file (type bmp)
<./img/tfidf_vector.png>
 [73]
Underfull \hbox (badness 10000) in paragraph at lines 2366--2368
[] \TU/THSarabunNew(0)/m/n/10 
 
 []

File: ./img/thai_stat/tfidf.png Graphic file (type bmp)
<./img/thai_stat/tfidf.png>
File: ./img/eng_stat/tfidf.png Graphic file (type bmp)
<./img/eng_stat/tfidf.png>

Underfull \hbox (badness 3189) in paragraph at lines 2383--2387
[] \TU/THSarabunNew(0)/m/n/10  [][]4.26[][] 
 
 []


Underfull \hbox (badness 2213) in paragraph at lines 2383--2387
\TU/THSarabunNew(0)/m/n/10  
 
 []


Underfull \hbox (badness 10000) in paragraph at lines 2383--2387
\TU/THSarabunNew(0)/m/n/10 
 
 []

[74]
File: ./img/lstm_thai_acc.png Graphic file (type bmp)
<./img/lstm_thai_acc.png>
File: ./img/lstm_thai_loss.png Graphic file (type bmp)
<./img/lstm_thai_loss.png>
File: ./img/lstm_eng_acc.png Graphic file (type bmp)
<./img/lstm_eng_acc.png>
File: ./img/lstm_eng_loss.png Graphic file (type bmp)
<./img/lstm_eng_loss.png>
 [75]
Overfull \hbox (1.02522pt too wide) in alignment at lines 2461--2476
 [] [] [] [] [] [] [] [] [] [] 
 []


Overfull \hbox (1.02522pt too wide) in alignment at lines 2476--2479
 [] [] [] [] [] [] [] [] [] [] 
 []


Overfull \hbox (1.02522pt too wide) in alignment at lines 2479--2481
 [] [] [] [] [] [] [] [] [] [] 
 []


Overfull \hbox (1.02522pt too wide) in alignment at lines 2481--2490
 [] [] [] [] [] [] [] [] [] [] 
 []

[76]
Overfull \hbox (1.02522pt too wide) in alignment at lines 2491--2506
 [] [] [] [] [] [] [] [] [] [] 
 []


Overfull \hbox (1.02522pt too wide) in alignment at lines 2506--2509
 [] [] [] [] [] [] [] [] [] [] 
 []


Overfull \hbox (1.02522pt too wide) in alignment at lines 2509--2511
 [] [] [] [] [] [] [] [] [] [] 
 []


Overfull \hbox (1.02522pt too wide) in alignment at lines 2511--2520
 [] [] [] [] [] [] [] [] [] [] 
 []


Underfull \hbox (badness 10000) in paragraph at lines 2521--2526
\TU/THSarabunNew(0)/m/n/10  

 []


Underfull \hbox (badness 1303) in paragraph at lines 2521--2526
\TU/THSarabunNew(0)/m/n/10  (:[][]4.26[][]) 
 
 []


Underfull \hbox (badness 3815) in paragraph at lines 2531--2538
\TU/THSarabunNew(0)/m/n/10 
 
 []


Underfull \hbox (badness 4752) in paragraph at lines 2531--2538
\TU/THSarabunNew(0)/m/n/10 
  Library 
 []

[77]
Underfull \hbox (badness 1337) in paragraph at lines 2569--2571
[] \TU/THSarabunNew(0)/m/n/10  [][]4.17[][] 
  
 []


Underfull \hbox (badness 1466) in paragraph at lines 2597--2601
[] \TU/THSarabunNew(0)/m/n/10  [][]4.18[][] 
  
 []


Underfull \hbox (badness 7168) in paragraph at lines 2597--2601
\TU/THSarabunNew(0)/m/n/10 
 
 []


Underfull \hbox (badness 5924) in paragraph at lines 2597--2601
\TU/THSarabunNew(0)/m/n/10  
 
 []

[78]
File: ./img/project_ui/4_1.png Graphic file (type bmp)
<./img/project_ui/4_1.png>

Underfull \hbox (badness 10000) in paragraph at lines 2615--2617
[] \TU/THSarabunNew(0)/m/n/10 
 
 []

[79]
File: ./img/project_ui/4_2.png Graphic file (type bmp)
<./img/project_ui/4_2.png>

Underfull \hbox (badness 2894) in paragraph at lines 2631--2633
[] \TU/THSarabunNew(0)/m/n/10  Email 
  
 []

File: ./img/project_ui/4_3.png Graphic file (type bmp)
<./img/project_ui/4_3.png>

Underfull \hbox (badness 6775) in paragraph at lines 2642--2644
 \TU/THSarabunNew(0)/m/n/10  
 Email 
 []

File: ./img/project_ui/4_4.png Graphic file (type bmp)
<./img/project_ui/4_4.png>
[80]
File: ./img/project_ui/4_5.png Graphic file (type bmp)
<./img/project_ui/4_5.png>
 [81]
File: ./img/project_ui/4_6.png Graphic file (type bmp)
<./img/project_ui/4_6.png>
File: ./img/project_ui/4_7.png Graphic file (type bmp)
<./img/project_ui/4_7.png>
 [82]
Underfull \hbox (badness 10000) in paragraph at lines 2690--2692
 \TU/THSarabunNew(0)/m/n/10 
 
 []

File: ./img/unit_test.png Graphic file (type bmp)
<./img/unit_test.png>
[83]
Overfull \hbox (8.88884pt too wide) in alignment at lines 2735--2743
 [] [] [] [] 
 []


Overfull \hbox (8.88884pt too wide) in alignment at lines 2743--2746
 [] [] [] [] 
 []


Overfull \hbox (8.88884pt too wide) in alignment at lines 2746--2748
 [] [] [] [] 
 []


Overfull \hbox (8.88884pt too wide) in alignment at lines 2748--2755
 [] [] [] [] 
 []


Underfull \hbox (badness 10000) in paragraph at lines 2758--2760
[] \TU/THSarabunNew(0)/m/n/10 
 
 []


Underfull \hbox (badness 1874) in paragraph at lines 2762--2764
[]\TU/THSarabunNew(0)/m/n/10  
  
 []

[84]
\c@ql=\count389
\qt=\skip77

Underfull \hbox (badness 4036) in paragraph at lines 2894--2895
[]\TU/THSarabunNew(0)/m/n/10 1.  

 []

[85] [86]
File: ./img/test/gender.png Graphic file (type bmp)
<./img/test/gender.png>
File: ./img/test/age.png Graphic file (type bmp)
<./img/test/age.png>
 [87]
File: ./img/test/job.png Graphic file (type bmp)
<./img/test/job.png>
File: ./img/test/search.png Graphic file (type bmp)
<./img/test/search.png>
 [88]
File: ./img/test/tag.png Graphic file (type bmp)
<./img/test/tag.png>
File: ./img/test/design.png Graphic file (type bmp)
<./img/test/design.png>
 [89]
File: ./img/test/efficient.png Graphic file (type bmp)
<./img/test/efficient.png>

Overfull \hbox (14.77498pt too wide) in paragraph at lines 2958--2961
\TU/THSarabunNew(0)/m/n/10 ""  "" 
 
 []

[90]
 5.

Package hyperref Warning: Token not allowed in a PDF string (Unicode):
(hyperref)                \kern -9.84pt
(hyperref)                removed on input line 3003.


Underfull \hbox (badness 4582) in paragraph at lines 3010--3024
[] \TU/THSarabunNew(0)/m/n/10 
 
 []


Underfull \hbox (badness 2237) in paragraph at lines 3010--3024
\TU/THSarabunNew(0)/m/n/10  
 
 []


Underfull \hbox (badness 1442) in paragraph at lines 3010--3024
\TU/THSarabunNew(0)/m/n/10  
  Web
 []


Underfull \hbox (badness 1910) in paragraph at lines 3050--3055
[]\TU/THSarabunNew(0)/m/n/10  Library 
 
 []


Underfull \hbox (badness 2165) in paragraph at lines 3050--3055
\TU/THSarabunNew(0)/m/n/10  
 
 []

[91

]
Overfull \hbox (1.28842pt too wide) in paragraph at lines 3058--3060
[]\TU/THSarabunNew(0)/m/n/10 
  Google Colaboratory
 []


Underfull \hbox (badness 2980) in paragraph at lines 3060--3061
[]\TU/THSarabunNew(0)/m/n/10  1 
 
 []


Underfull \hbox (badness 10000) in paragraph at lines 3066--3067
[]\TU/THSarabunNew(0)/m/n/10 
 
 []


Overfull \hbox (6.08534pt too wide) in paragraph at lines 3068--3069
[]\TU/THSarabunNew(0)/m/n/10 

 []

(undergrad-sample-thai.bbl [92]
\thai@year=\count390
LaTeX Info: Redefining \rmfamily on input line 7.
LaTeX Info: Redefining \sffamily on input line 7.
LaTeX Info: Redefining \ttfamily on input line 7.
\thai@year=\count391
LaTeX Info: Redefining \rmfamily on input line 16.
LaTeX Info: Redefining \sffamily on input line 16.
LaTeX Info: Redefining \ttfamily on input line 16.
\thai@year=\count392
LaTeX Info: Redefining \rmfamily on input line 33.
LaTeX Info: Redefining \sffamily on input line 33.
LaTeX Info: Redefining \ttfamily on input line 33.
\thai@year=\count393
LaTeX Info: Redefining \rmfamily on input line 42.
LaTeX Info: Redefining \sffamily on input line 42.
LaTeX Info: Redefining \ttfamily on input line 42.
\thai@year=\count394
LaTeX Info: Redefining \rmfamily on input line 51.
LaTeX Info: Redefining \sffamily on input line 51.
LaTeX Info: Redefining \ttfamily on input line 51.
\thai@year=\count395
LaTeX Info: Redefining \rmfamily on input line 58.
LaTeX Info: Redefining \sffamily on input line 58.
LaTeX Info: Redefining \ttfamily on input line 58.
\thai@year=\count396
LaTeX Info: Redefining \rmfamily on input line 60.
LaTeX Info: Redefining \sffamily on input line 60.
LaTeX Info: Redefining \ttfamily on input line 60.
\thai@year=\count397
LaTeX Info: Redefining \rmfamily on input line 65.
LaTeX Info: Redefining \sffamily on input line 65.
LaTeX Info: Redefining \ttfamily on input line 65.
\thai@year=\count398
LaTeX Info: Redefining \rmfamily on input line 68.
LaTeX Info: Redefining \sffamily on input line 68.
LaTeX Info: Redefining \ttfamily on input line 68.
\thai@year=\count399
LaTeX Info: Redefining \rmfamily on input line 71.
LaTeX Info: Redefining \sffamily on input line 71.
LaTeX Info: Redefining \ttfamily on input line 71.
\thai@year=\count400
LaTeX Info: Redefining \rmfamily on input line 76.
LaTeX Info: Redefining \sffamily on input line 76.
LaTeX Info: Redefining \ttfamily on input line 76.
\thai@year=\count401
LaTeX Info: Redefining \rmfamily on input line 98.
LaTeX Info: Redefining \sffamily on input line 98.
LaTeX Info: Redefining \ttfamily on input line 98.
\thai@year=\count402
LaTeX Info: Redefining \rmfamily on input line 108.
LaTeX Info: Redefining \sffamily on input line 108.
LaTeX Info: Redefining \ttfamily on input line 108.
\thai@year=\count403
LaTeX Info: Redefining \rmfamily on input line 110.
LaTeX Info: Redefining \sffamily on input line 110.
LaTeX Info: Redefining \ttfamily on input line 110.

Underfull \hbox (badness 5954) in paragraph at lines 105--113
[]\TU/THSarabunNew(0)/m/n/10 Java, 2022,  ``Java   
 ,''  [][]https://
 []

\thai@year=\count404
LaTeX Info: Redefining \rmfamily on input line 119.
LaTeX Info: Redefining \sffamily on input line 119.
LaTeX Info: Redefining \ttfamily on input line 119.
\thai@year=\count405
LaTeX Info: Redefining \rmfamily on input line 126.
LaTeX Info: Redefining \sffamily on input line 126.
LaTeX Info: Redefining \ttfamily on input line 126.
\thai@year=\count406
LaTeX Info: Redefining \rmfamily on input line 135.
LaTeX Info: Redefining \sffamily on input line 135.
LaTeX Info: Redefining \ttfamily on input line 135.
\thai@year=\count407
LaTeX Info: Redefining \rmfamily on input line 144.
LaTeX Info: Redefining \sffamily on input line 144.
LaTeX Info: Redefining \ttfamily on input line 144.
\thai@year=\count408
LaTeX Info: Redefining \rmfamily on input line 153.
LaTeX Info: Redefining \sffamily on input line 153.
LaTeX Info: Redefining \ttfamily on input line 153.
\thai@year=\count409
LaTeX Info: Redefining \rmfamily on input line 161.
LaTeX Info: Redefining \sffamily on input line 161.
LaTeX Info: Redefining \ttfamily on input line 161.
\thai@year=\count410
LaTeX Info: Redefining \rmfamily on input line 163.
LaTeX Info: Redefining \sffamily on input line 163.
LaTeX Info: Redefining \ttfamily on input line 163.
\thai@year=\count411
LaTeX Info: Redefining \rmfamily on input line 169.
LaTeX Info: Redefining \sffamily on input line 169.
LaTeX Info: Redefining \ttfamily on input line 169.
\thai@year=\count412
LaTeX Info: Redefining \rmfamily on input line 171.
LaTeX Info: Redefining \sffamily on input line 171.
LaTeX Info: Redefining \ttfamily on input line 171.
\thai@year=\count413
LaTeX Info: Redefining \rmfamily on input line 177.
LaTeX Info: Redefining \sffamily on input line 177.
LaTeX Info: Redefining \ttfamily on input line 177.
\thai@year=\count414
LaTeX Info: Redefining \rmfamily on input line 184.
LaTeX Info: Redefining \sffamily on input line 184.
LaTeX Info: Redefining \ttfamily on input line 184.
[93

]
\thai@year=\count415
LaTeX Info: Redefining \rmfamily on input line 191.
LaTeX Info: Redefining \sffamily on input line 191.
LaTeX Info: Redefining \ttfamily on input line 191.
\thai@year=\count416
LaTeX Info: Redefining \rmfamily on input line 193.
LaTeX Info: Redefining \sffamily on input line 193.
LaTeX Info: Redefining \ttfamily on input line 193.
\thai@year=\count417
LaTeX Info: Redefining \rmfamily on input line 201.
LaTeX Info: Redefining \sffamily on input line 201.
LaTeX Info: Redefining \ttfamily on input line 201.
\thai@year=\count418
LaTeX Info: Redefining \rmfamily on input line 207.
LaTeX Info: Redefining \sffamily on input line 207.
LaTeX Info: Redefining \ttfamily on input line 207.
\thai@year=\count419
LaTeX Info: Redefining \rmfamily on input line 209.
LaTeX Info: Redefining \sffamily on input line 209.
LaTeX Info: Redefining \ttfamily on input line 209.
\thai@year=\count420
LaTeX Info: Redefining \rmfamily on input line 216.
LaTeX Info: Redefining \sffamily on input line 216.
LaTeX Info: Redefining \ttfamily on input line 216.
\thai@year=\count421
LaTeX Info: Redefining \rmfamily on input line 218.
LaTeX Info: Redefining \sffamily on input line 218.
LaTeX Info: Redefining \ttfamily on input line 218.
\thai@year=\count422
LaTeX Info: Redefining \rmfamily on input line 224.
LaTeX Info: Redefining \sffamily on input line 224.
LaTeX Info: Redefining \ttfamily on input line 224.
\thai@year=\count423
LaTeX Info: Redefining \rmfamily on input line 226.
LaTeX Info: Redefining \sffamily on input line 226.
LaTeX Info: Redefining \ttfamily on input line 226.
\thai@year=\count424
LaTeX Info: Redefining \rmfamily on input line 241.
LaTeX Info: Redefining \sffamily on input line 241.
LaTeX Info: Redefining \ttfamily on input line 241.
\thai@year=\count425
LaTeX Info: Redefining \rmfamily on input line 242.
LaTeX Info: Redefining \sffamily on input line 242.
LaTeX Info: Redefining \ttfamily on input line 242.
\thai@year=\count426
LaTeX Info: Redefining \rmfamily on input line 249.
LaTeX Info: Redefining \sffamily on input line 249.
LaTeX Info: Redefining \ttfamily on input line 249.
\thai@year=\count427
LaTeX Info: Redefining \rmfamily on input line 258.
LaTeX Info: Redefining \sffamily on input line 258.
LaTeX Info: Redefining \ttfamily on input line 258.
\thai@year=\count428
LaTeX Info: Redefining \rmfamily on input line 261.
LaTeX Info: Redefining \sffamily on input line 261.
LaTeX Info: Redefining \ttfamily on input line 261.

Underfull \hbox (badness 10000) in paragraph at lines 255--264
[][]\TU/THSarabunNew(0)/m/n/10 https://www.beryl8.com/th/newsroom/insights/102/
--gcp-google-cloud-platform-
 []

\thai@year=\count429
LaTeX Info: Redefining \rmfamily on input line 269.
LaTeX Info: Redefining \sffamily on input line 269.
LaTeX Info: Redefining \ttfamily on input line 269.
\thai@year=\count430
LaTeX Info: Redefining \rmfamily on input line 278.
LaTeX Info: Redefining \sffamily on input line 278.
LaTeX Info: Redefining \ttfamily on input line 278.
\thai@year=\count431
LaTeX Info: Redefining \rmfamily on input line 280.
LaTeX Info: Redefining \sffamily on input line 280.
LaTeX Info: Redefining \ttfamily on input line 280.
\thai@year=\count432
LaTeX Info: Redefining \rmfamily on input line 287.
LaTeX Info: Redefining \sffamily on input line 287.
LaTeX Info: Redefining \ttfamily on input line 287.
\thai@year=\count433
LaTeX Info: Redefining \rmfamily on input line 294.
LaTeX Info: Redefining \sffamily on input line 294.
LaTeX Info: Redefining \ttfamily on input line 294.
\thai@year=\count434
LaTeX Info: Redefining \rmfamily on input line 305.
LaTeX Info: Redefining \sffamily on input line 305.
LaTeX Info: Redefining \ttfamily on input line 305.
\thai@year=\count435
LaTeX Info: Redefining \rmfamily on input line 323.
LaTeX Info: Redefining \sffamily on input line 323.
LaTeX Info: Redefining \ttfamily on input line 323.
)
The property list \polyglossia@langsetup contains the pairs (without outer
braces):
>  {latex/script}  =>  {latin}
>  {latex/lcscript}  =>  {latin}
>  {latex/scripttag}  =>  {}
>  {latex/language}  =>  {Latex}
>  {latex/langtag}  =>  {ENG}
>  {latex/bcp47}  =>  {}
>  {latex/hyphennames}  =>  {english}
>  {latex/direction}  =>  {LR}
>  {latex/hyphenmins}  =>  {2,3}
>  {latex/frenchspacing}  =>  {false}
>  {latex/indentfirst}  =>  {false}
>  {latex/fontsetup}  =>  {true}
>  {latex/envname}  =>  {latex}
>  {latex/babelname}  =>  {latex}
>  {latex/localnumeral}  =>  {polyglossia@C@localnumeral}
>  {latex/Localnumeral}  =>  {polyglossia@C@localnumeral}
>  {latex/DefineCommandsCmd}  =>  {use_none:n}
>  {thai/script}  =>  {Thai}
>  {thai/lcscript}  =>  {thai}
>  {thai/scripttag}  =>  {thai}
>  {thai/language}  =>  {Thai}
>  {thai/langtag}  =>  {THA}
>  {thai/bcp47}  =>  {th}
>  {thai/hyphennames}  =>  {nohyphenation}
>  {thai/direction}  =>  {LR}
>  {thai/hyphenmins}  =>  {2,3}
>  {thai/frenchspacing}  =>  {false}
>  {thai/indentfirst}  =>  {false}
>  {thai/fontsetup}  =>  {true}
>  {thai/envname}  =>  {thai}
>  {thai/babelname}  =>  {thai}
>  {thai/localnumeral}  =>  {thainumerals}
>  {thai/Localnumeral}  =>  {thainumerals}
>  {thai/DefineCommandsCmd}  =>  {xpg_define_language_commands:e}
>  {english/script}  =>  {latin}
>  {english/lcscript}  =>  {latin}
>  {english/scripttag}  =>  {}
>  {english/language}  =>  {English}
>  {english/langtag}  =>  {ENG}
>  {english/bcp47}  =>  {en-US}
>  {english/hyphennames}  =>  {english,american,usenglish,USenglish}
>  {english/direction}  =>  {LR}
>  {english/hyphenmins}  =>  {2,3}
>  {english/frenchspacing}  =>  {false}
>  {english/indentfirst}  =>  {false}
>  {english/fontsetup}  =>  {true}
>  {english/envname}  =>  {english}
>  {english/babelname}  =>  {american}
>  {english/localnumeral}  =>  {polyglossia@C@localnumeral}
>  {english/Localnumeral}  =>  {polyglossia@C@localnumeral}
>  {english/DefineCommandsCmd}  =>  {xpg_define_language_commands:e}.
The property list \__xpg_alias contains the pairs (without outer braces):
>  {latex/target}  =>  {latex}
>  {thai/target}  =>  {thai}
>  {th/target}  =>  {thai}
>  {english/target}  =>  {english}
>  {en/target}  =>  {english}
>  {en-AU/target}  =>  {english}
>  {en-AU/variant}  =>  {australian}
>  {en-AU/options}  =>  {variant=australian}
>  {en-CA/target}  =>  {english}
>  {en-CA/variant}  =>  {canadian}
>  {en-CA/options}  =>  {variant=canadian}
>  {en-GB/target}  =>  {english}
>  {en-GB/variant}  =>  {british}
>  {en-GB/options}  =>  {variant=british}
>  {en-NZ/target}  =>  {english}
>  {en-NZ/variant}  =>  {newzealand}
>  {en-NZ/options}  =>  {variant=newzealand}
>  {en-US/target}  =>  {english}
>  {en-US/variant}  =>  {us}
>  {en-US/options}  =>  {variant=us}
>  {american/target}  =>  {english}
>  {american/variant}  =>  {us}
>  {american/options}  =>  {variant=us}
>  {australian/target}  =>  {english}
>  {australian/variant}  =>  {australian}
>  {australian/options}  =>  {variant=australian}
>  {british/target}  =>  {english}
>  {british/variant}  =>  {british}
>  {british/options}  =>  {variant=british}
>  {canadian/target}  =>  {english}
>  {canadian/variant}  =>  {canadian}
>  {canadian/options}  =>  {variant=canadian}
>  {newzealand/target}  =>  {english}
>  {newzealand/variant}  =>  {newzealand}
>  {newzealand/options}  =>  {variant=newzealand}.
 [94] (undergrad-sample-thai.aux
\thai@year=\count436
)

LaTeX Warning: There were multiply-defined labels.

Package rerunfilecheck Info: File `undergrad-sample-thai.out' has not changed.
(rerunfilecheck)             Checksum: DC307D738FDFF9F47AEBBCBFB93910EF;23915.
 ) 
Here is how much of TeX's memory you used:
 33456 strings out of 410654
 681518 string characters out of 2816704
 1129361 words of memory out of 3000000
 53907 multiletter control sequences out of 15000+600000
 471958 words of font info for 68 fonts, out of 8000000 for 9000
 1348 hyphenation exceptions out of 8191
 101i,13n,117p,943b,803s stack positions out of 10000i,1000n,20000p,200000b,80000s

Output written on undergrad-sample-thai.pdf (107 pages).
